19:06:29 INFO - [main           ] ModelDeploymentTool       - Starting ...
19:06:29 INFO - [main           ] ModelDeploymentTool       - Deploying model from file [D:\MyWorkspace\ContextSensitiveManufacturing\DemoPackingModel.xpdl]
19:06:30 INFO - [main           ] Parameters                - CARNOT version: 3.0.1.20150916-0729
19:06:30 INFO - [main           ] GlobalParameters          - Loading properties via provider factory org.eclipse.stardust.common.config.DefaultPropertiesProvider$Factory (priority 1).
19:06:30 INFO - [main           ] DefaultPropertiesProvider - Property bundle carnot.properties bootstrapped from classloader sun.misc.Launcher$AppClassLoader@7f31245a:
19:06:30 INFO - [main           ] DefaultPropertiesProvider -   Carnot.Configuration.UseDocumentRepository = true
19:06:30 INFO - [main           ] DefaultPropertiesProvider -   AuditTrail.Schema = 
19:06:30 INFO - [main           ] DefaultPropertiesProvider -   AuditTrail.UsePreparedStatements = true
19:06:30 INFO - [main           ] DefaultPropertiesProvider -   AuditTrail.DriverClass = org.apache.derby.jdbc.ClientDriver
19:06:30 INFO - [main           ] DefaultPropertiesProvider -   Logging.Format = %d{yyyy-MM-dd HH:mm:ss,SSS} %-5p [%t] (%x) %c{2} - %m%n
19:06:30 INFO - [main           ] DefaultPropertiesProvider -   Logging.Filters = 
19:06:30 INFO - [main           ] DefaultPropertiesProvider -   AuditTrail.Type = DERBY
19:06:30 INFO - [main           ] DefaultPropertiesProvider -   Logging.Directory = 
19:06:30 INFO - [main           ] DefaultPropertiesProvider -   AuditTrail.FixAutoCommit = true
19:06:30 INFO - [main           ] DefaultPropertiesProvider -   Logging.MaxFileSize = 4194304
19:06:30 INFO - [main           ] DefaultPropertiesProvider -   AuditTrail.UseLockTables = true
19:06:30 INFO - [main           ] DefaultPropertiesProvider -   Secure.Session.Factory = 
19:06:30 INFO - [main           ] DefaultPropertiesProvider -   AuditTrail.User = carnot
19:06:30 INFO - [main           ] DefaultPropertiesProvider -   Logging.LogLevel = INFO
19:06:30 INFO - [main           ] DefaultPropertiesProvider -   Web.ServiceFactory = org.eclipse.stardust.engine.api.spring.SpringServiceFactory
19:06:30 INFO - [main           ] DefaultPropertiesProvider -   Security.DefaultPartition = default
19:06:30 INFO - [main           ] DefaultPropertiesProvider -   Client.ServiceFactory = org.eclipse.stardust.engine.api.spring.SpringServiceFactory
19:06:30 INFO - [main           ] DefaultPropertiesProvider -   QueryService.Guarded = true
19:06:30 INFO - [main           ] DefaultPropertiesProvider -   Security.DefaultRealm = carnot
19:06:30 INFO - [main           ] DefaultPropertiesProvider -   Security.Authentication.ConfigurationName = 
19:06:30 INFO - [main           ] DefaultPropertiesProvider -   Security.PromptPartition = false
19:06:30 INFO - [main           ] DefaultPropertiesProvider -   Mail.Host = your-mail-host
19:06:30 INFO - [main           ] DefaultPropertiesProvider -   Carnot.Spring.ApplicationContextFile = carnot-spring-client.xml
19:06:30 INFO - [main           ] DefaultPropertiesProvider -   Carnot.ProcessPortal.AssemblyLineActivityProvider = org.eclipse.stardust.ui.web.viewscommon.common.provider.DefaultAssemblyLineActivityProvider
19:06:30 INFO - [main           ] DefaultPropertiesProvider -   AuditTrail.URL = jdbc:derby://localhost/carnot
19:06:30 INFO - [main           ] DefaultPropertiesProvider -   Security.PromptRealm = false
19:06:30 INFO - [main           ] DefaultPropertiesProvider -   Credential.Provider = 
19:06:30 INFO - [main           ] DefaultPropertiesProvider -   Security.PromptDomain = false
19:06:30 INFO - [main           ] DefaultPropertiesProvider -   Mail.Sender = your-mail-address
19:06:30 INFO - [main           ] DefaultPropertiesProvider -   AuditTrail.DataSource = java:/AuditTrail.DataSource
19:06:30 INFO - [main           ] GlobalParameters          - Loading properties via provider factory org.eclipse.stardust.engine.spring.web.SpringAppContextPropertiesProviderFactory (priority 4).
19:06:32 INFO - [main           ] DefaultXMLReader          - Reading model with id 'PackingDemoModel'.
19:06:32 INFO - [main           ] extensions                - Initializing static extensions resolver
19:06:32 INFO - [main           ] extensions                - Initializing Service Provider extensions resolver
19:06:32 INFO - [main           ] extensions                - Using extensions manager: org.eclipse.stardust.engine.core.runtime.beans.PartitionAwareExtensionsManager@74cadd41
19:06:33 INFO - [main           ] PathXmlApplicationContext - Refreshing org.springframework.context.support.ClassPathXmlApplicationContext@672f11c2: startup date [Thu Oct 22 19:06:33 CEST 2015]; root of context hierarchy
19:06:33 INFO - [main           ] XmlBeanDefinitionReader   - Loading XML bean definitions from class path resource [carnot-spring-client.xml]
19:06:33 INFO - [main           ] ertyPlaceholderConfigurer - Loading properties file from class path resource [carnot-spring-client.properties]
19:06:33 INFO - [main           ] efaultListableBeanFactory - Pre-instantiating singletons in org.springframework.beans.factory.support.DefaultListableBeanFactory@53cdecf6: defining beans [propertyConfigurer,carnotHttpInvokerRequestExecutor,carnotWorkflowService,carnotUserService,carnotQueryService,carnotAdministrationService,carnotDocumentManagementService]; root of factory hierarchy
19:06:33 WARN - [main           ] SpringUtils               - Bootstrapped new Spring application context org.springframework.context.support.ClassPathXmlApplicationContext@672f11c2: startup date [Thu Oct 22 19:06:33 CEST 2015]; root of context hierarchy
19:06:35 WARN - [main           ] ModelDeploymentTool       - 
org.springframework.remoting.RemoteConnectFailureException: Could not connect to HTTP invoker remote service at [http://localhost:9090/carnot-processportal/remoting/CarnotUserService]; nested exception is java.net.ConnectException: Connection refused: connect
	at org.springframework.remoting.httpinvoker.HttpInvokerClientInterceptor.convertHttpInvokerAccessException(HttpInvokerClientInterceptor.java:203)
	at org.springframework.remoting.httpinvoker.HttpInvokerClientInterceptor.invoke(HttpInvokerClientInterceptor.java:145)
	at org.springframework.aop.framework.ReflectiveMethodInvocation.proceed(ReflectiveMethodInvocation.java:172)
	at org.springframework.aop.framework.JdkDynamicAopProxy.invoke(JdkDynamicAopProxy.java:204)
	at com.sun.proxy.$Proxy8.login(Unknown Source)
	at org.eclipse.stardust.engine.api.spring.SpringServiceFactory.getNewServiceInstance(SpringServiceFactory.java:116)
	at org.eclipse.stardust.engine.core.runtime.beans.AbstractSessionAwareServiceFactory.getOrCreateService(AbstractSessionAwareServiceFactory.java:65)
	at org.eclipse.stardust.engine.core.runtime.beans.AbstractSessionAwareServiceFactory.startSession(AbstractSessionAwareServiceFactory.java:120)
	at org.eclipse.stardust.engine.core.runtime.beans.AbstractSessionAwareServiceFactory.getService(AbstractSessionAwareServiceFactory.java:53)
	at org.eclipse.stardust.engine.core.runtime.beans.DefaultServiceFactory.getQueryService(DefaultServiceFactory.java:60)
	at org.eclipse.stardust.modeling.deploy.DeployModelDialog.<init>(DeployModelDialog.java:73)
	at org.eclipse.stardust.modeling.deploy.DeployModelDialog.showDialog(DeployModelDialog.java:240)
	at org.eclipse.stardust.modeling.deploy.ModelDeploymentTool.deployModel(ModelDeploymentTool.java:318)
	at org.eclipse.stardust.modeling.deploy.ModelDeploymentTool.<init>(ModelDeploymentTool.java:220)
	at org.eclipse.stardust.modeling.deploy.ModelDeploymentTool.main(ModelDeploymentTool.java:142)
Caused by: java.net.ConnectException: Connection refused: connect
	at java.net.DualStackPlainSocketImpl.connect0(Native Method)
	at java.net.DualStackPlainSocketImpl.socketConnect(Unknown Source)
	at java.net.AbstractPlainSocketImpl.doConnect(Unknown Source)
	at java.net.AbstractPlainSocketImpl.connectToAddress(Unknown Source)
	at java.net.AbstractPlainSocketImpl.connect(Unknown Source)
	at java.net.PlainSocketImpl.connect(Unknown Source)
	at java.net.SocksSocketImpl.connect(Unknown Source)
	at java.net.Socket.connect(Unknown Source)
	at java.net.Socket.connect(Unknown Source)
	at sun.net.NetworkClient.doConnect(Unknown Source)
	at sun.net.www.http.HttpClient.openServer(Unknown Source)
	at sun.net.www.http.HttpClient.openServer(Unknown Source)
	at sun.net.www.http.HttpClient.<init>(Unknown Source)
	at sun.net.www.http.HttpClient.New(Unknown Source)
	at sun.net.www.http.HttpClient.New(Unknown Source)
	at sun.net.www.protocol.http.HttpURLConnection.getNewHttpClient(Unknown Source)
	at sun.net.www.protocol.http.HttpURLConnection.plainConnect0(Unknown Source)
	at sun.net.www.protocol.http.HttpURLConnection.plainConnect(Unknown Source)
	at sun.net.www.protocol.http.HttpURLConnection.connect(Unknown Source)
	at sun.net.www.protocol.http.HttpURLConnection.getOutputStream0(Unknown Source)
	at sun.net.www.protocol.http.HttpURLConnection.getOutputStream(Unknown Source)
	at org.springframework.remoting.httpinvoker.SimpleHttpInvokerRequestExecutor.writeRequestBody(SimpleHttpInvokerRequestExecutor.java:162)
	at org.springframework.remoting.httpinvoker.SimpleHttpInvokerRequestExecutor.doExecuteRequest(SimpleHttpInvokerRequestExecutor.java:91)
	at org.springframework.remoting.httpinvoker.AbstractHttpInvokerRequestExecutor.executeRequest(AbstractHttpInvokerRequestExecutor.java:136)
	at org.eclipse.stardust.engine.api.spring.CarnotHttpInvokerRequestExecutor.executeRequest(CarnotHttpInvokerRequestExecutor.java:87)
	at org.springframework.remoting.httpinvoker.HttpInvokerClientInterceptor.executeRequest(HttpInvokerClientInterceptor.java:192)
	at org.springframework.remoting.httpinvoker.HttpInvokerClientInterceptor.executeRequest(HttpInvokerClientInterceptor.java:174)
	at org.springframework.remoting.httpinvoker.HttpInvokerClientInterceptor.invoke(HttpInvokerClientInterceptor.java:142)
	... 13 more
19:17:45 INFO - [main           ] ModelDeploymentTool       - Starting ...
19:17:45 INFO - [main           ] ModelDeploymentTool       - Deploying model from file [D:\MyWorkspace\ContextSensitiveManufacturing\DemoPackingModel.xpdl]
19:17:47 INFO - [main           ] Parameters                - CARNOT version: 3.0.1.20150916-0729
19:17:47 INFO - [main           ] GlobalParameters          - Loading properties via provider factory org.eclipse.stardust.common.config.DefaultPropertiesProvider$Factory (priority 1).
19:17:47 INFO - [main           ] DefaultPropertiesProvider - Property bundle carnot.properties bootstrapped from classloader sun.misc.Launcher$AppClassLoader@7f31245a:
19:17:47 INFO - [main           ] DefaultPropertiesProvider -   Carnot.Configuration.UseDocumentRepository = true
19:17:47 INFO - [main           ] DefaultPropertiesProvider -   AuditTrail.Schema = 
19:17:47 INFO - [main           ] DefaultPropertiesProvider -   AuditTrail.UsePreparedStatements = true
19:17:47 INFO - [main           ] DefaultPropertiesProvider -   AuditTrail.DriverClass = org.apache.derby.jdbc.ClientDriver
19:17:47 INFO - [main           ] DefaultPropertiesProvider -   Logging.Format = %d{yyyy-MM-dd HH:mm:ss,SSS} %-5p [%t] (%x) %c{2} - %m%n
19:17:47 INFO - [main           ] DefaultPropertiesProvider -   Logging.Filters = 
19:17:47 INFO - [main           ] DefaultPropertiesProvider -   AuditTrail.Type = DERBY
19:17:47 INFO - [main           ] DefaultPropertiesProvider -   Logging.Directory = 
19:17:47 INFO - [main           ] DefaultPropertiesProvider -   AuditTrail.FixAutoCommit = true
19:17:47 INFO - [main           ] DefaultPropertiesProvider -   Logging.MaxFileSize = 4194304
19:17:47 INFO - [main           ] DefaultPropertiesProvider -   AuditTrail.UseLockTables = true
19:17:47 INFO - [main           ] DefaultPropertiesProvider -   Secure.Session.Factory = 
19:17:47 INFO - [main           ] DefaultPropertiesProvider -   AuditTrail.User = carnot
19:17:47 INFO - [main           ] DefaultPropertiesProvider -   Logging.LogLevel = INFO
19:17:47 INFO - [main           ] DefaultPropertiesProvider -   Web.ServiceFactory = org.eclipse.stardust.engine.api.spring.SpringServiceFactory
19:17:47 INFO - [main           ] DefaultPropertiesProvider -   Security.DefaultPartition = default
19:17:47 INFO - [main           ] DefaultPropertiesProvider -   Client.ServiceFactory = org.eclipse.stardust.engine.api.spring.SpringServiceFactory
19:17:47 INFO - [main           ] DefaultPropertiesProvider -   QueryService.Guarded = true
19:17:47 INFO - [main           ] DefaultPropertiesProvider -   Security.DefaultRealm = carnot
19:17:47 INFO - [main           ] DefaultPropertiesProvider -   Security.Authentication.ConfigurationName = 
19:17:47 INFO - [main           ] DefaultPropertiesProvider -   Security.PromptPartition = false
19:17:47 INFO - [main           ] DefaultPropertiesProvider -   Mail.Host = your-mail-host
19:17:47 INFO - [main           ] DefaultPropertiesProvider -   Carnot.Spring.ApplicationContextFile = carnot-spring-client.xml
19:17:47 INFO - [main           ] DefaultPropertiesProvider -   Carnot.ProcessPortal.AssemblyLineActivityProvider = org.eclipse.stardust.ui.web.viewscommon.common.provider.DefaultAssemblyLineActivityProvider
19:17:47 INFO - [main           ] DefaultPropertiesProvider -   AuditTrail.URL = jdbc:derby://localhost/carnot
19:17:47 INFO - [main           ] DefaultPropertiesProvider -   Security.PromptRealm = false
19:17:47 INFO - [main           ] DefaultPropertiesProvider -   Credential.Provider = 
19:17:47 INFO - [main           ] DefaultPropertiesProvider -   Security.PromptDomain = false
19:17:47 INFO - [main           ] DefaultPropertiesProvider -   Mail.Sender = your-mail-address
19:17:47 INFO - [main           ] DefaultPropertiesProvider -   AuditTrail.DataSource = java:/AuditTrail.DataSource
19:17:47 INFO - [main           ] GlobalParameters          - Loading properties via provider factory org.eclipse.stardust.engine.spring.web.SpringAppContextPropertiesProviderFactory (priority 4).
19:17:49 INFO - [main           ] DefaultXMLReader          - Reading model with id 'PackingDemoModel'.
19:17:49 INFO - [main           ] extensions                - Initializing static extensions resolver
19:17:49 INFO - [main           ] extensions                - Initializing Service Provider extensions resolver
19:17:49 INFO - [main           ] extensions                - Using extensions manager: org.eclipse.stardust.engine.core.runtime.beans.PartitionAwareExtensionsManager@74cadd41
19:17:50 INFO - [main           ] PathXmlApplicationContext - Refreshing org.springframework.context.support.ClassPathXmlApplicationContext@672f11c2: startup date [Thu Oct 22 19:17:50 CEST 2015]; root of context hierarchy
19:17:50 INFO - [main           ] XmlBeanDefinitionReader   - Loading XML bean definitions from class path resource [carnot-spring-client.xml]
19:17:50 INFO - [main           ] ertyPlaceholderConfigurer - Loading properties file from class path resource [carnot-spring-client.properties]
19:17:50 INFO - [main           ] efaultListableBeanFactory - Pre-instantiating singletons in org.springframework.beans.factory.support.DefaultListableBeanFactory@53cdecf6: defining beans [propertyConfigurer,carnotHttpInvokerRequestExecutor,carnotWorkflowService,carnotUserService,carnotQueryService,carnotAdministrationService,carnotDocumentManagementService]; root of factory hierarchy
19:17:50 WARN - [main           ] SpringUtils               - Bootstrapped new Spring application context org.springframework.context.support.ClassPathXmlApplicationContext@672f11c2: startup date [Thu Oct 22 19:17:50 CEST 2015]; root of context hierarchy
19:17:52 WARN - [main           ] ModelDeploymentTool       - 
org.springframework.remoting.RemoteConnectFailureException: Could not connect to HTTP invoker remote service at [http://localhost:9090/carnot-processportal/remoting/CarnotUserService]; nested exception is java.net.ConnectException: Connection refused: connect
	at org.springframework.remoting.httpinvoker.HttpInvokerClientInterceptor.convertHttpInvokerAccessException(HttpInvokerClientInterceptor.java:203)
	at org.springframework.remoting.httpinvoker.HttpInvokerClientInterceptor.invoke(HttpInvokerClientInterceptor.java:145)
	at org.springframework.aop.framework.ReflectiveMethodInvocation.proceed(ReflectiveMethodInvocation.java:172)
	at org.springframework.aop.framework.JdkDynamicAopProxy.invoke(JdkDynamicAopProxy.java:204)
	at com.sun.proxy.$Proxy8.login(Unknown Source)
	at org.eclipse.stardust.engine.api.spring.SpringServiceFactory.getNewServiceInstance(SpringServiceFactory.java:116)
	at org.eclipse.stardust.engine.core.runtime.beans.AbstractSessionAwareServiceFactory.getOrCreateService(AbstractSessionAwareServiceFactory.java:65)
	at org.eclipse.stardust.engine.core.runtime.beans.AbstractSessionAwareServiceFactory.startSession(AbstractSessionAwareServiceFactory.java:120)
	at org.eclipse.stardust.engine.core.runtime.beans.AbstractSessionAwareServiceFactory.getService(AbstractSessionAwareServiceFactory.java:53)
	at org.eclipse.stardust.engine.core.runtime.beans.DefaultServiceFactory.getQueryService(DefaultServiceFactory.java:60)
	at org.eclipse.stardust.modeling.deploy.DeployModelDialog.<init>(DeployModelDialog.java:73)
	at org.eclipse.stardust.modeling.deploy.DeployModelDialog.showDialog(DeployModelDialog.java:240)
	at org.eclipse.stardust.modeling.deploy.ModelDeploymentTool.deployModel(ModelDeploymentTool.java:318)
	at org.eclipse.stardust.modeling.deploy.ModelDeploymentTool.<init>(ModelDeploymentTool.java:220)
	at org.eclipse.stardust.modeling.deploy.ModelDeploymentTool.main(ModelDeploymentTool.java:142)
Caused by: java.net.ConnectException: Connection refused: connect
	at java.net.DualStackPlainSocketImpl.connect0(Native Method)
	at java.net.DualStackPlainSocketImpl.socketConnect(Unknown Source)
	at java.net.AbstractPlainSocketImpl.doConnect(Unknown Source)
	at java.net.AbstractPlainSocketImpl.connectToAddress(Unknown Source)
	at java.net.AbstractPlainSocketImpl.connect(Unknown Source)
	at java.net.PlainSocketImpl.connect(Unknown Source)
	at java.net.SocksSocketImpl.connect(Unknown Source)
	at java.net.Socket.connect(Unknown Source)
	at java.net.Socket.connect(Unknown Source)
	at sun.net.NetworkClient.doConnect(Unknown Source)
	at sun.net.www.http.HttpClient.openServer(Unknown Source)
	at sun.net.www.http.HttpClient.openServer(Unknown Source)
	at sun.net.www.http.HttpClient.<init>(Unknown Source)
	at sun.net.www.http.HttpClient.New(Unknown Source)
	at sun.net.www.http.HttpClient.New(Unknown Source)
	at sun.net.www.protocol.http.HttpURLConnection.getNewHttpClient(Unknown Source)
	at sun.net.www.protocol.http.HttpURLConnection.plainConnect0(Unknown Source)
	at sun.net.www.protocol.http.HttpURLConnection.plainConnect(Unknown Source)
	at sun.net.www.protocol.http.HttpURLConnection.connect(Unknown Source)
	at sun.net.www.protocol.http.HttpURLConnection.getOutputStream0(Unknown Source)
	at sun.net.www.protocol.http.HttpURLConnection.getOutputStream(Unknown Source)
	at org.springframework.remoting.httpinvoker.SimpleHttpInvokerRequestExecutor.writeRequestBody(SimpleHttpInvokerRequestExecutor.java:162)
	at org.springframework.remoting.httpinvoker.SimpleHttpInvokerRequestExecutor.doExecuteRequest(SimpleHttpInvokerRequestExecutor.java:91)
	at org.springframework.remoting.httpinvoker.AbstractHttpInvokerRequestExecutor.executeRequest(AbstractHttpInvokerRequestExecutor.java:136)
	at org.eclipse.stardust.engine.api.spring.CarnotHttpInvokerRequestExecutor.executeRequest(CarnotHttpInvokerRequestExecutor.java:87)
	at org.springframework.remoting.httpinvoker.HttpInvokerClientInterceptor.executeRequest(HttpInvokerClientInterceptor.java:192)
	at org.springframework.remoting.httpinvoker.HttpInvokerClientInterceptor.executeRequest(HttpInvokerClientInterceptor.java:174)
	at org.springframework.remoting.httpinvoker.HttpInvokerClientInterceptor.invoke(HttpInvokerClientInterceptor.java:142)
	... 13 more
19:20:24 INFO - [main           ] ModelDeploymentTool       - Starting ...
19:20:24 INFO - [main           ] ModelDeploymentTool       - Deploying model from file [D:\MyWorkspace\ContextSensitiveManufacturing\DemoPackingModel.xpdl]
19:20:25 INFO - [main           ] Parameters                - CARNOT version: 3.0.1.20150916-0729
19:20:25 INFO - [main           ] GlobalParameters          - Loading properties via provider factory org.eclipse.stardust.common.config.DefaultPropertiesProvider$Factory (priority 1).
19:20:25 INFO - [main           ] DefaultPropertiesProvider - Property bundle carnot.properties bootstrapped from classloader sun.misc.Launcher$AppClassLoader@7f31245a:
19:20:25 INFO - [main           ] DefaultPropertiesProvider -   Carnot.Configuration.UseDocumentRepository = true
19:20:25 INFO - [main           ] DefaultPropertiesProvider -   AuditTrail.Schema = 
19:20:25 INFO - [main           ] DefaultPropertiesProvider -   AuditTrail.UsePreparedStatements = true
19:20:25 INFO - [main           ] DefaultPropertiesProvider -   AuditTrail.DriverClass = org.apache.derby.jdbc.ClientDriver
19:20:25 INFO - [main           ] DefaultPropertiesProvider -   Logging.Format = %d{yyyy-MM-dd HH:mm:ss,SSS} %-5p [%t] (%x) %c{2} - %m%n
19:20:25 INFO - [main           ] DefaultPropertiesProvider -   Logging.Filters = 
19:20:25 INFO - [main           ] DefaultPropertiesProvider -   AuditTrail.Type = DERBY
19:20:25 INFO - [main           ] DefaultPropertiesProvider -   Logging.Directory = 
19:20:25 INFO - [main           ] DefaultPropertiesProvider -   AuditTrail.FixAutoCommit = true
19:20:25 INFO - [main           ] DefaultPropertiesProvider -   Logging.MaxFileSize = 4194304
19:20:25 INFO - [main           ] DefaultPropertiesProvider -   AuditTrail.UseLockTables = true
19:20:25 INFO - [main           ] DefaultPropertiesProvider -   Secure.Session.Factory = 
19:20:25 INFO - [main           ] DefaultPropertiesProvider -   AuditTrail.User = carnot
19:20:25 INFO - [main           ] DefaultPropertiesProvider -   Logging.LogLevel = INFO
19:20:25 INFO - [main           ] DefaultPropertiesProvider -   Web.ServiceFactory = org.eclipse.stardust.engine.api.spring.SpringServiceFactory
19:20:25 INFO - [main           ] DefaultPropertiesProvider -   Security.DefaultPartition = default
19:20:25 INFO - [main           ] DefaultPropertiesProvider -   Client.ServiceFactory = org.eclipse.stardust.engine.api.spring.SpringServiceFactory
19:20:25 INFO - [main           ] DefaultPropertiesProvider -   QueryService.Guarded = true
19:20:25 INFO - [main           ] DefaultPropertiesProvider -   Security.DefaultRealm = carnot
19:20:25 INFO - [main           ] DefaultPropertiesProvider -   Security.Authentication.ConfigurationName = 
19:20:25 INFO - [main           ] DefaultPropertiesProvider -   Security.PromptPartition = false
19:20:25 INFO - [main           ] DefaultPropertiesProvider -   Mail.Host = your-mail-host
19:20:25 INFO - [main           ] DefaultPropertiesProvider -   Carnot.Spring.ApplicationContextFile = carnot-spring-client.xml
19:20:25 INFO - [main           ] DefaultPropertiesProvider -   Carnot.ProcessPortal.AssemblyLineActivityProvider = org.eclipse.stardust.ui.web.viewscommon.common.provider.DefaultAssemblyLineActivityProvider
19:20:25 INFO - [main           ] DefaultPropertiesProvider -   AuditTrail.URL = jdbc:derby://localhost/carnot
19:20:25 INFO - [main           ] DefaultPropertiesProvider -   Security.PromptRealm = false
19:20:25 INFO - [main           ] DefaultPropertiesProvider -   Credential.Provider = 
19:20:25 INFO - [main           ] DefaultPropertiesProvider -   Security.PromptDomain = false
19:20:25 INFO - [main           ] DefaultPropertiesProvider -   Mail.Sender = your-mail-address
19:20:25 INFO - [main           ] DefaultPropertiesProvider -   AuditTrail.DataSource = java:/AuditTrail.DataSource
19:20:25 INFO - [main           ] GlobalParameters          - Loading properties via provider factory org.eclipse.stardust.engine.spring.web.SpringAppContextPropertiesProviderFactory (priority 4).
19:20:26 INFO - [main           ] DefaultXMLReader          - Reading model with id 'PackingDemoModel'.
19:20:27 INFO - [main           ] extensions                - Initializing static extensions resolver
19:20:27 INFO - [main           ] extensions                - Initializing Service Provider extensions resolver
19:20:27 INFO - [main           ] extensions                - Using extensions manager: org.eclipse.stardust.engine.core.runtime.beans.PartitionAwareExtensionsManager@74cadd41
19:20:27 INFO - [main           ] PathXmlApplicationContext - Refreshing org.springframework.context.support.ClassPathXmlApplicationContext@672f11c2: startup date [Thu Oct 22 19:20:27 CEST 2015]; root of context hierarchy
19:20:27 INFO - [main           ] XmlBeanDefinitionReader   - Loading XML bean definitions from class path resource [carnot-spring-client.xml]
19:20:28 INFO - [main           ] ertyPlaceholderConfigurer - Loading properties file from class path resource [carnot-spring-client.properties]
19:20:28 INFO - [main           ] efaultListableBeanFactory - Pre-instantiating singletons in org.springframework.beans.factory.support.DefaultListableBeanFactory@53cdecf6: defining beans [propertyConfigurer,carnotHttpInvokerRequestExecutor,carnotWorkflowService,carnotUserService,carnotQueryService,carnotAdministrationService,carnotDocumentManagementService]; root of factory hierarchy
19:20:28 WARN - [main           ] SpringUtils               - Bootstrapped new Spring application context org.springframework.context.support.ClassPathXmlApplicationContext@672f11c2: startup date [Thu Oct 22 19:20:27 CEST 2015]; root of context hierarchy
19:20:28 WARN - [main           ] ModelDeploymentTool       - 
org.springframework.remoting.RemoteAccessException: Could not access HTTP invoker remote service at [http://localhost:8080/carnot-processportal/remoting/CarnotUserService]; nested exception is java.io.IOException: Did not receive successful HTTP response: status code = 404, status message = [Not Found]
	at org.springframework.remoting.httpinvoker.HttpInvokerClientInterceptor.convertHttpInvokerAccessException(HttpInvokerClientInterceptor.java:212)
	at org.springframework.remoting.httpinvoker.HttpInvokerClientInterceptor.invoke(HttpInvokerClientInterceptor.java:145)
	at org.springframework.aop.framework.ReflectiveMethodInvocation.proceed(ReflectiveMethodInvocation.java:172)
	at org.springframework.aop.framework.JdkDynamicAopProxy.invoke(JdkDynamicAopProxy.java:204)
	at com.sun.proxy.$Proxy8.login(Unknown Source)
	at org.eclipse.stardust.engine.api.spring.SpringServiceFactory.getNewServiceInstance(SpringServiceFactory.java:116)
	at org.eclipse.stardust.engine.core.runtime.beans.AbstractSessionAwareServiceFactory.getOrCreateService(AbstractSessionAwareServiceFactory.java:65)
	at org.eclipse.stardust.engine.core.runtime.beans.AbstractSessionAwareServiceFactory.startSession(AbstractSessionAwareServiceFactory.java:120)
	at org.eclipse.stardust.engine.core.runtime.beans.AbstractSessionAwareServiceFactory.getService(AbstractSessionAwareServiceFactory.java:53)
	at org.eclipse.stardust.engine.core.runtime.beans.DefaultServiceFactory.getQueryService(DefaultServiceFactory.java:60)
	at org.eclipse.stardust.modeling.deploy.DeployModelDialog.<init>(DeployModelDialog.java:73)
	at org.eclipse.stardust.modeling.deploy.DeployModelDialog.showDialog(DeployModelDialog.java:240)
	at org.eclipse.stardust.modeling.deploy.ModelDeploymentTool.deployModel(ModelDeploymentTool.java:318)
	at org.eclipse.stardust.modeling.deploy.ModelDeploymentTool.<init>(ModelDeploymentTool.java:220)
	at org.eclipse.stardust.modeling.deploy.ModelDeploymentTool.main(ModelDeploymentTool.java:142)
Caused by: java.io.IOException: Did not receive successful HTTP response: status code = 404, status message = [Not Found]
	at org.springframework.remoting.httpinvoker.SimpleHttpInvokerRequestExecutor.validateResponse(SimpleHttpInvokerRequestExecutor.java:179)
	at org.springframework.remoting.httpinvoker.SimpleHttpInvokerRequestExecutor.doExecuteRequest(SimpleHttpInvokerRequestExecutor.java:92)
	at org.springframework.remoting.httpinvoker.AbstractHttpInvokerRequestExecutor.executeRequest(AbstractHttpInvokerRequestExecutor.java:136)
	at org.eclipse.stardust.engine.api.spring.CarnotHttpInvokerRequestExecutor.executeRequest(CarnotHttpInvokerRequestExecutor.java:87)
	at org.springframework.remoting.httpinvoker.HttpInvokerClientInterceptor.executeRequest(HttpInvokerClientInterceptor.java:192)
	at org.springframework.remoting.httpinvoker.HttpInvokerClientInterceptor.executeRequest(HttpInvokerClientInterceptor.java:174)
	at org.springframework.remoting.httpinvoker.HttpInvokerClientInterceptor.invoke(HttpInvokerClientInterceptor.java:142)
	... 13 more
19:28:40 INFO - [main           ] ModelDeploymentTool       - Starting ...
19:28:40 INFO - [main           ] ModelDeploymentTool       - Deploying model from file [D:\MyWorkspace\ContextSensitiveManufacturing\DemoPackingModel.xpdl]
19:28:41 INFO - [main           ] Parameters                - CARNOT version: 3.0.1.20150916-0729
19:28:41 INFO - [main           ] GlobalParameters          - Loading properties via provider factory org.eclipse.stardust.common.config.DefaultPropertiesProvider$Factory (priority 1).
19:28:41 INFO - [main           ] DefaultPropertiesProvider - Property bundle carnot.properties bootstrapped from classloader sun.misc.Launcher$AppClassLoader@7f31245a:
19:28:41 INFO - [main           ] DefaultPropertiesProvider -   Carnot.Configuration.UseDocumentRepository = true
19:28:41 INFO - [main           ] DefaultPropertiesProvider -   AuditTrail.Schema = 
19:28:41 INFO - [main           ] DefaultPropertiesProvider -   AuditTrail.UsePreparedStatements = true
19:28:41 INFO - [main           ] DefaultPropertiesProvider -   AuditTrail.DriverClass = org.apache.derby.jdbc.ClientDriver
19:28:41 INFO - [main           ] DefaultPropertiesProvider -   Logging.Format = %d{yyyy-MM-dd HH:mm:ss,SSS} %-5p [%t] (%x) %c{2} - %m%n
19:28:41 INFO - [main           ] DefaultPropertiesProvider -   Logging.Filters = 
19:28:41 INFO - [main           ] DefaultPropertiesProvider -   AuditTrail.Type = DERBY
19:28:41 INFO - [main           ] DefaultPropertiesProvider -   Logging.Directory = 
19:28:41 INFO - [main           ] DefaultPropertiesProvider -   AuditTrail.FixAutoCommit = true
19:28:41 INFO - [main           ] DefaultPropertiesProvider -   Logging.MaxFileSize = 4194304
19:28:41 INFO - [main           ] DefaultPropertiesProvider -   AuditTrail.UseLockTables = true
19:28:41 INFO - [main           ] DefaultPropertiesProvider -   Secure.Session.Factory = 
19:28:41 INFO - [main           ] DefaultPropertiesProvider -   AuditTrail.User = carnot
19:28:41 INFO - [main           ] DefaultPropertiesProvider -   Logging.LogLevel = INFO
19:28:41 INFO - [main           ] DefaultPropertiesProvider -   Web.ServiceFactory = org.eclipse.stardust.engine.api.spring.SpringServiceFactory
19:28:41 INFO - [main           ] DefaultPropertiesProvider -   Security.DefaultPartition = default
19:28:41 INFO - [main           ] DefaultPropertiesProvider -   Client.ServiceFactory = org.eclipse.stardust.engine.api.spring.SpringServiceFactory
19:28:41 INFO - [main           ] DefaultPropertiesProvider -   QueryService.Guarded = true
19:28:41 INFO - [main           ] DefaultPropertiesProvider -   Security.DefaultRealm = carnot
19:28:41 INFO - [main           ] DefaultPropertiesProvider -   Security.Authentication.ConfigurationName = 
19:28:41 INFO - [main           ] DefaultPropertiesProvider -   Security.PromptPartition = false
19:28:41 INFO - [main           ] DefaultPropertiesProvider -   Mail.Host = your-mail-host
19:28:41 INFO - [main           ] DefaultPropertiesProvider -   Carnot.Spring.ApplicationContextFile = carnot-spring-client.xml
19:28:41 INFO - [main           ] DefaultPropertiesProvider -   Carnot.ProcessPortal.AssemblyLineActivityProvider = org.eclipse.stardust.ui.web.viewscommon.common.provider.DefaultAssemblyLineActivityProvider
19:28:41 INFO - [main           ] DefaultPropertiesProvider -   AuditTrail.URL = jdbc:derby://localhost/carnot
19:28:41 INFO - [main           ] DefaultPropertiesProvider -   Security.PromptRealm = false
19:28:41 INFO - [main           ] DefaultPropertiesProvider -   Credential.Provider = 
19:28:41 INFO - [main           ] DefaultPropertiesProvider -   Security.PromptDomain = false
19:28:41 INFO - [main           ] DefaultPropertiesProvider -   Mail.Sender = your-mail-address
19:28:41 INFO - [main           ] DefaultPropertiesProvider -   AuditTrail.DataSource = java:/AuditTrail.DataSource
19:28:41 INFO - [main           ] GlobalParameters          - Loading properties via provider factory org.eclipse.stardust.engine.spring.web.SpringAppContextPropertiesProviderFactory (priority 4).
19:28:43 INFO - [main           ] DefaultXMLReader          - Reading model with id 'PackingDemoModel'.
19:28:44 INFO - [main           ] extensions                - Initializing static extensions resolver
19:28:44 INFO - [main           ] extensions                - Initializing Service Provider extensions resolver
19:28:44 INFO - [main           ] extensions                - Using extensions manager: org.eclipse.stardust.engine.core.runtime.beans.PartitionAwareExtensionsManager@74cadd41
19:28:45 INFO - [main           ] PathXmlApplicationContext - Refreshing org.springframework.context.support.ClassPathXmlApplicationContext@672f11c2: startup date [Thu Oct 22 19:28:45 CEST 2015]; root of context hierarchy
19:28:45 INFO - [main           ] XmlBeanDefinitionReader   - Loading XML bean definitions from class path resource [carnot-spring-client.xml]
19:28:45 INFO - [main           ] ertyPlaceholderConfigurer - Loading properties file from class path resource [carnot-spring-client.properties]
19:28:45 INFO - [main           ] efaultListableBeanFactory - Pre-instantiating singletons in org.springframework.beans.factory.support.DefaultListableBeanFactory@53cdecf6: defining beans [propertyConfigurer,carnotHttpInvokerRequestExecutor,carnotWorkflowService,carnotUserService,carnotQueryService,carnotAdministrationService,carnotDocumentManagementService]; root of factory hierarchy
19:28:45 WARN - [main           ] SpringUtils               - Bootstrapped new Spring application context org.springframework.context.support.ClassPathXmlApplicationContext@672f11c2: startup date [Thu Oct 22 19:28:45 CEST 2015]; root of context hierarchy
19:28:45 WARN - [main           ] ModelDeploymentTool       - 
org.springframework.remoting.RemoteAccessException: Could not access HTTP invoker remote service at [http://localhost:8080/carnot-processportal/remoting/CarnotUserService]; nested exception is java.io.IOException: Did not receive successful HTTP response: status code = 404, status message = [Not Found]
	at org.springframework.remoting.httpinvoker.HttpInvokerClientInterceptor.convertHttpInvokerAccessException(HttpInvokerClientInterceptor.java:212)
	at org.springframework.remoting.httpinvoker.HttpInvokerClientInterceptor.invoke(HttpInvokerClientInterceptor.java:145)
	at org.springframework.aop.framework.ReflectiveMethodInvocation.proceed(ReflectiveMethodInvocation.java:172)
	at org.springframework.aop.framework.JdkDynamicAopProxy.invoke(JdkDynamicAopProxy.java:204)
	at com.sun.proxy.$Proxy8.login(Unknown Source)
	at org.eclipse.stardust.engine.api.spring.SpringServiceFactory.getNewServiceInstance(SpringServiceFactory.java:116)
	at org.eclipse.stardust.engine.core.runtime.beans.AbstractSessionAwareServiceFactory.getOrCreateService(AbstractSessionAwareServiceFactory.java:65)
	at org.eclipse.stardust.engine.core.runtime.beans.AbstractSessionAwareServiceFactory.startSession(AbstractSessionAwareServiceFactory.java:120)
	at org.eclipse.stardust.engine.core.runtime.beans.AbstractSessionAwareServiceFactory.getService(AbstractSessionAwareServiceFactory.java:53)
	at org.eclipse.stardust.engine.core.runtime.beans.DefaultServiceFactory.getQueryService(DefaultServiceFactory.java:60)
	at org.eclipse.stardust.modeling.deploy.DeployModelDialog.<init>(DeployModelDialog.java:73)
	at org.eclipse.stardust.modeling.deploy.DeployModelDialog.showDialog(DeployModelDialog.java:240)
	at org.eclipse.stardust.modeling.deploy.ModelDeploymentTool.deployModel(ModelDeploymentTool.java:318)
	at org.eclipse.stardust.modeling.deploy.ModelDeploymentTool.<init>(ModelDeploymentTool.java:220)
	at org.eclipse.stardust.modeling.deploy.ModelDeploymentTool.main(ModelDeploymentTool.java:142)
Caused by: java.io.IOException: Did not receive successful HTTP response: status code = 404, status message = [Not Found]
	at org.springframework.remoting.httpinvoker.SimpleHttpInvokerRequestExecutor.validateResponse(SimpleHttpInvokerRequestExecutor.java:179)
	at org.springframework.remoting.httpinvoker.SimpleHttpInvokerRequestExecutor.doExecuteRequest(SimpleHttpInvokerRequestExecutor.java:92)
	at org.springframework.remoting.httpinvoker.AbstractHttpInvokerRequestExecutor.executeRequest(AbstractHttpInvokerRequestExecutor.java:136)
	at org.eclipse.stardust.engine.api.spring.CarnotHttpInvokerRequestExecutor.executeRequest(CarnotHttpInvokerRequestExecutor.java:87)
	at org.springframework.remoting.httpinvoker.HttpInvokerClientInterceptor.executeRequest(HttpInvokerClientInterceptor.java:192)
	at org.springframework.remoting.httpinvoker.HttpInvokerClientInterceptor.executeRequest(HttpInvokerClientInterceptor.java:174)
	at org.springframework.remoting.httpinvoker.HttpInvokerClientInterceptor.invoke(HttpInvokerClientInterceptor.java:142)
	... 13 more
19:31:19 INFO - [main           ] ModelDeploymentTool       - Starting ...
19:31:19 INFO - [main           ] ModelDeploymentTool       - Deploying model from file [D:\MyWorkspace\ContextSensitiveManufacturing\DemoPackingModel.xpdl]
19:31:20 INFO - [main           ] Parameters                - CARNOT version: 3.0.1.20150916-0729
19:31:20 INFO - [main           ] GlobalParameters          - Loading properties via provider factory org.eclipse.stardust.common.config.DefaultPropertiesProvider$Factory (priority 1).
19:31:20 INFO - [main           ] DefaultPropertiesProvider - Property bundle carnot.properties bootstrapped from classloader sun.misc.Launcher$AppClassLoader@7f31245a:
19:31:20 INFO - [main           ] DefaultPropertiesProvider -   Carnot.Configuration.UseDocumentRepository = true
19:31:20 INFO - [main           ] DefaultPropertiesProvider -   AuditTrail.Schema = 
19:31:20 INFO - [main           ] DefaultPropertiesProvider -   AuditTrail.UsePreparedStatements = true
19:31:20 INFO - [main           ] DefaultPropertiesProvider -   AuditTrail.DriverClass = org.apache.derby.jdbc.ClientDriver
19:31:20 INFO - [main           ] DefaultPropertiesProvider -   Logging.Format = %d{yyyy-MM-dd HH:mm:ss,SSS} %-5p [%t] (%x) %c{2} - %m%n
19:31:20 INFO - [main           ] DefaultPropertiesProvider -   Logging.Filters = 
19:31:20 INFO - [main           ] DefaultPropertiesProvider -   AuditTrail.Type = DERBY
19:31:20 INFO - [main           ] DefaultPropertiesProvider -   Logging.Directory = 
19:31:20 INFO - [main           ] DefaultPropertiesProvider -   AuditTrail.FixAutoCommit = true
19:31:20 INFO - [main           ] DefaultPropertiesProvider -   Logging.MaxFileSize = 4194304
19:31:20 INFO - [main           ] DefaultPropertiesProvider -   AuditTrail.UseLockTables = true
19:31:20 INFO - [main           ] DefaultPropertiesProvider -   Secure.Session.Factory = 
19:31:20 INFO - [main           ] DefaultPropertiesProvider -   AuditTrail.User = carnot
19:31:20 INFO - [main           ] DefaultPropertiesProvider -   Logging.LogLevel = INFO
19:31:20 INFO - [main           ] DefaultPropertiesProvider -   Web.ServiceFactory = org.eclipse.stardust.engine.api.spring.SpringServiceFactory
19:31:20 INFO - [main           ] DefaultPropertiesProvider -   Security.DefaultPartition = default
19:31:20 INFO - [main           ] DefaultPropertiesProvider -   Client.ServiceFactory = org.eclipse.stardust.engine.api.spring.SpringServiceFactory
19:31:20 INFO - [main           ] DefaultPropertiesProvider -   QueryService.Guarded = true
19:31:20 INFO - [main           ] DefaultPropertiesProvider -   Security.DefaultRealm = carnot
19:31:20 INFO - [main           ] DefaultPropertiesProvider -   Security.Authentication.ConfigurationName = 
19:31:20 INFO - [main           ] DefaultPropertiesProvider -   Security.PromptPartition = false
19:31:20 INFO - [main           ] DefaultPropertiesProvider -   Mail.Host = your-mail-host
19:31:20 INFO - [main           ] DefaultPropertiesProvider -   Carnot.Spring.ApplicationContextFile = carnot-spring-client.xml
19:31:20 INFO - [main           ] DefaultPropertiesProvider -   Carnot.ProcessPortal.AssemblyLineActivityProvider = org.eclipse.stardust.ui.web.viewscommon.common.provider.DefaultAssemblyLineActivityProvider
19:31:20 INFO - [main           ] DefaultPropertiesProvider -   AuditTrail.URL = jdbc:derby://localhost/carnot
19:31:20 INFO - [main           ] DefaultPropertiesProvider -   Security.PromptRealm = false
19:31:20 INFO - [main           ] DefaultPropertiesProvider -   Credential.Provider = 
19:31:20 INFO - [main           ] DefaultPropertiesProvider -   Security.PromptDomain = false
19:31:20 INFO - [main           ] DefaultPropertiesProvider -   Mail.Sender = your-mail-address
19:31:20 INFO - [main           ] DefaultPropertiesProvider -   AuditTrail.DataSource = java:/AuditTrail.DataSource
19:31:20 INFO - [main           ] GlobalParameters          - Loading properties via provider factory org.eclipse.stardust.engine.spring.web.SpringAppContextPropertiesProviderFactory (priority 4).
19:31:21 INFO - [main           ] DefaultXMLReader          - Reading model with id 'PackingDemoModel'.
19:31:22 INFO - [main           ] extensions                - Initializing static extensions resolver
19:31:22 INFO - [main           ] extensions                - Initializing Service Provider extensions resolver
19:31:22 INFO - [main           ] extensions                - Using extensions manager: org.eclipse.stardust.engine.core.runtime.beans.PartitionAwareExtensionsManager@74cadd41
19:31:22 INFO - [main           ] PathXmlApplicationContext - Refreshing org.springframework.context.support.ClassPathXmlApplicationContext@672f11c2: startup date [Thu Oct 22 19:31:22 CEST 2015]; root of context hierarchy
19:31:22 INFO - [main           ] XmlBeanDefinitionReader   - Loading XML bean definitions from class path resource [carnot-spring-client.xml]
19:31:23 INFO - [main           ] ertyPlaceholderConfigurer - Loading properties file from class path resource [carnot-spring-client.properties]
19:31:23 INFO - [main           ] efaultListableBeanFactory - Pre-instantiating singletons in org.springframework.beans.factory.support.DefaultListableBeanFactory@53cdecf6: defining beans [propertyConfigurer,carnotHttpInvokerRequestExecutor,carnotWorkflowService,carnotUserService,carnotQueryService,carnotAdministrationService,carnotDocumentManagementService]; root of factory hierarchy
19:31:23 WARN - [main           ] SpringUtils               - Bootstrapped new Spring application context org.springframework.context.support.ClassPathXmlApplicationContext@672f11c2: startup date [Thu Oct 22 19:31:22 CEST 2015]; root of context hierarchy
19:31:24 WARN - [main           ] ModelDeploymentTool       - 
org.springframework.remoting.RemoteConnectFailureException: Could not connect to HTTP invoker remote service at [http://localhost:8080/carnot-processportal/remoting/CarnotUserService]; nested exception is java.net.ConnectException: Connection refused: connect
	at org.springframework.remoting.httpinvoker.HttpInvokerClientInterceptor.convertHttpInvokerAccessException(HttpInvokerClientInterceptor.java:203)
	at org.springframework.remoting.httpinvoker.HttpInvokerClientInterceptor.invoke(HttpInvokerClientInterceptor.java:145)
	at org.springframework.aop.framework.ReflectiveMethodInvocation.proceed(ReflectiveMethodInvocation.java:172)
	at org.springframework.aop.framework.JdkDynamicAopProxy.invoke(JdkDynamicAopProxy.java:204)
	at com.sun.proxy.$Proxy8.login(Unknown Source)
	at org.eclipse.stardust.engine.api.spring.SpringServiceFactory.getNewServiceInstance(SpringServiceFactory.java:116)
	at org.eclipse.stardust.engine.core.runtime.beans.AbstractSessionAwareServiceFactory.getOrCreateService(AbstractSessionAwareServiceFactory.java:65)
	at org.eclipse.stardust.engine.core.runtime.beans.AbstractSessionAwareServiceFactory.startSession(AbstractSessionAwareServiceFactory.java:120)
	at org.eclipse.stardust.engine.core.runtime.beans.AbstractSessionAwareServiceFactory.getService(AbstractSessionAwareServiceFactory.java:53)
	at org.eclipse.stardust.engine.core.runtime.beans.DefaultServiceFactory.getQueryService(DefaultServiceFactory.java:60)
	at org.eclipse.stardust.modeling.deploy.DeployModelDialog.<init>(DeployModelDialog.java:73)
	at org.eclipse.stardust.modeling.deploy.DeployModelDialog.showDialog(DeployModelDialog.java:240)
	at org.eclipse.stardust.modeling.deploy.ModelDeploymentTool.deployModel(ModelDeploymentTool.java:318)
	at org.eclipse.stardust.modeling.deploy.ModelDeploymentTool.<init>(ModelDeploymentTool.java:220)
	at org.eclipse.stardust.modeling.deploy.ModelDeploymentTool.main(ModelDeploymentTool.java:142)
Caused by: java.net.ConnectException: Connection refused: connect
	at java.net.DualStackPlainSocketImpl.connect0(Native Method)
	at java.net.DualStackPlainSocketImpl.socketConnect(Unknown Source)
	at java.net.AbstractPlainSocketImpl.doConnect(Unknown Source)
	at java.net.AbstractPlainSocketImpl.connectToAddress(Unknown Source)
	at java.net.AbstractPlainSocketImpl.connect(Unknown Source)
	at java.net.PlainSocketImpl.connect(Unknown Source)
	at java.net.SocksSocketImpl.connect(Unknown Source)
	at java.net.Socket.connect(Unknown Source)
	at java.net.Socket.connect(Unknown Source)
	at sun.net.NetworkClient.doConnect(Unknown Source)
	at sun.net.www.http.HttpClient.openServer(Unknown Source)
	at sun.net.www.http.HttpClient.openServer(Unknown Source)
	at sun.net.www.http.HttpClient.<init>(Unknown Source)
	at sun.net.www.http.HttpClient.New(Unknown Source)
	at sun.net.www.http.HttpClient.New(Unknown Source)
	at sun.net.www.protocol.http.HttpURLConnection.getNewHttpClient(Unknown Source)
	at sun.net.www.protocol.http.HttpURLConnection.plainConnect0(Unknown Source)
	at sun.net.www.protocol.http.HttpURLConnection.plainConnect(Unknown Source)
	at sun.net.www.protocol.http.HttpURLConnection.connect(Unknown Source)
	at sun.net.www.protocol.http.HttpURLConnection.getOutputStream0(Unknown Source)
	at sun.net.www.protocol.http.HttpURLConnection.getOutputStream(Unknown Source)
	at org.springframework.remoting.httpinvoker.SimpleHttpInvokerRequestExecutor.writeRequestBody(SimpleHttpInvokerRequestExecutor.java:162)
	at org.springframework.remoting.httpinvoker.SimpleHttpInvokerRequestExecutor.doExecuteRequest(SimpleHttpInvokerRequestExecutor.java:91)
	at org.springframework.remoting.httpinvoker.AbstractHttpInvokerRequestExecutor.executeRequest(AbstractHttpInvokerRequestExecutor.java:136)
	at org.eclipse.stardust.engine.api.spring.CarnotHttpInvokerRequestExecutor.executeRequest(CarnotHttpInvokerRequestExecutor.java:87)
	at org.springframework.remoting.httpinvoker.HttpInvokerClientInterceptor.executeRequest(HttpInvokerClientInterceptor.java:192)
	at org.springframework.remoting.httpinvoker.HttpInvokerClientInterceptor.executeRequest(HttpInvokerClientInterceptor.java:174)
	at org.springframework.remoting.httpinvoker.HttpInvokerClientInterceptor.invoke(HttpInvokerClientInterceptor.java:142)
	... 13 more
19:34:00 INFO - [main           ] ModelDeploymentTool       - Starting ...
19:34:00 INFO - [main           ] ModelDeploymentTool       - Deploying model from file [D:\MyWorkspace\ContextSensitiveManufacturing\DemoPackingModel.xpdl]
19:34:01 INFO - [main           ] Parameters                - CARNOT version: 3.0.1.20150916-0729
19:34:01 INFO - [main           ] GlobalParameters          - Loading properties via provider factory org.eclipse.stardust.common.config.DefaultPropertiesProvider$Factory (priority 1).
19:34:01 INFO - [main           ] DefaultPropertiesProvider - Property bundle carnot.properties bootstrapped from classloader sun.misc.Launcher$AppClassLoader@7f31245a:
19:34:01 INFO - [main           ] DefaultPropertiesProvider -   Carnot.Configuration.UseDocumentRepository = true
19:34:01 INFO - [main           ] DefaultPropertiesProvider -   AuditTrail.Schema = 
19:34:01 INFO - [main           ] DefaultPropertiesProvider -   AuditTrail.UsePreparedStatements = true
19:34:01 INFO - [main           ] DefaultPropertiesProvider -   AuditTrail.DriverClass = org.apache.derby.jdbc.ClientDriver
19:34:01 INFO - [main           ] DefaultPropertiesProvider -   Logging.Format = %d{yyyy-MM-dd HH:mm:ss,SSS} %-5p [%t] (%x) %c{2} - %m%n
19:34:01 INFO - [main           ] DefaultPropertiesProvider -   Logging.Filters = 
19:34:01 INFO - [main           ] DefaultPropertiesProvider -   AuditTrail.Type = DERBY
19:34:01 INFO - [main           ] DefaultPropertiesProvider -   Logging.Directory = 
19:34:01 INFO - [main           ] DefaultPropertiesProvider -   AuditTrail.FixAutoCommit = true
19:34:01 INFO - [main           ] DefaultPropertiesProvider -   Logging.MaxFileSize = 4194304
19:34:01 INFO - [main           ] DefaultPropertiesProvider -   AuditTrail.UseLockTables = true
19:34:01 INFO - [main           ] DefaultPropertiesProvider -   Secure.Session.Factory = 
19:34:01 INFO - [main           ] DefaultPropertiesProvider -   AuditTrail.User = carnot
19:34:01 INFO - [main           ] DefaultPropertiesProvider -   Logging.LogLevel = INFO
19:34:01 INFO - [main           ] DefaultPropertiesProvider -   Web.ServiceFactory = org.eclipse.stardust.engine.api.spring.SpringServiceFactory
19:34:01 INFO - [main           ] DefaultPropertiesProvider -   Security.DefaultPartition = default
19:34:01 INFO - [main           ] DefaultPropertiesProvider -   Client.ServiceFactory = org.eclipse.stardust.engine.api.spring.SpringServiceFactory
19:34:01 INFO - [main           ] DefaultPropertiesProvider -   QueryService.Guarded = true
19:34:01 INFO - [main           ] DefaultPropertiesProvider -   Security.DefaultRealm = carnot
19:34:01 INFO - [main           ] DefaultPropertiesProvider -   Security.Authentication.ConfigurationName = 
19:34:01 INFO - [main           ] DefaultPropertiesProvider -   Security.PromptPartition = false
19:34:01 INFO - [main           ] DefaultPropertiesProvider -   Mail.Host = your-mail-host
19:34:01 INFO - [main           ] DefaultPropertiesProvider -   Carnot.Spring.ApplicationContextFile = carnot-spring-client.xml
19:34:01 INFO - [main           ] DefaultPropertiesProvider -   Carnot.ProcessPortal.AssemblyLineActivityProvider = org.eclipse.stardust.ui.web.viewscommon.common.provider.DefaultAssemblyLineActivityProvider
19:34:01 INFO - [main           ] DefaultPropertiesProvider -   AuditTrail.URL = jdbc:derby://localhost/carnot
19:34:01 INFO - [main           ] DefaultPropertiesProvider -   Security.PromptRealm = false
19:34:01 INFO - [main           ] DefaultPropertiesProvider -   Credential.Provider = 
19:34:01 INFO - [main           ] DefaultPropertiesProvider -   Security.PromptDomain = false
19:34:01 INFO - [main           ] DefaultPropertiesProvider -   Mail.Sender = your-mail-address
19:34:01 INFO - [main           ] DefaultPropertiesProvider -   AuditTrail.DataSource = java:/AuditTrail.DataSource
19:34:01 INFO - [main           ] GlobalParameters          - Loading properties via provider factory org.eclipse.stardust.engine.spring.web.SpringAppContextPropertiesProviderFactory (priority 4).
19:34:03 INFO - [main           ] DefaultXMLReader          - Reading model with id 'PackingDemoModel'.
19:34:03 INFO - [main           ] extensions                - Initializing static extensions resolver
19:34:03 INFO - [main           ] extensions                - Initializing Service Provider extensions resolver
19:34:03 INFO - [main           ] extensions                - Using extensions manager: org.eclipse.stardust.engine.core.runtime.beans.PartitionAwareExtensionsManager@74cadd41
19:34:04 INFO - [main           ] PathXmlApplicationContext - Refreshing org.springframework.context.support.ClassPathXmlApplicationContext@672f11c2: startup date [Thu Oct 22 19:34:04 CEST 2015]; root of context hierarchy
19:34:04 INFO - [main           ] XmlBeanDefinitionReader   - Loading XML bean definitions from class path resource [carnot-spring-client.xml]
19:34:04 INFO - [main           ] ertyPlaceholderConfigurer - Loading properties file from class path resource [carnot-spring-client.properties]
19:34:04 INFO - [main           ] efaultListableBeanFactory - Pre-instantiating singletons in org.springframework.beans.factory.support.DefaultListableBeanFactory@53cdecf6: defining beans [propertyConfigurer,carnotHttpInvokerRequestExecutor,carnotWorkflowService,carnotUserService,carnotQueryService,carnotAdministrationService,carnotDocumentManagementService]; root of factory hierarchy
19:34:05 WARN - [main           ] SpringUtils               - Bootstrapped new Spring application context org.springframework.context.support.ClassPathXmlApplicationContext@672f11c2: startup date [Thu Oct 22 19:34:04 CEST 2015]; root of context hierarchy
19:34:05 WARN - [main           ] ModelDeploymentTool       - 
org.springframework.remoting.RemoteAccessException: Could not access HTTP invoker remote service at [http://localhost:8080/ContextSensitiveManufacturing/remoting/CarnotUserService]; nested exception is java.io.IOException: Did not receive successful HTTP response: status code = 404, status message = [Not Found]
	at org.springframework.remoting.httpinvoker.HttpInvokerClientInterceptor.convertHttpInvokerAccessException(HttpInvokerClientInterceptor.java:212)
	at org.springframework.remoting.httpinvoker.HttpInvokerClientInterceptor.invoke(HttpInvokerClientInterceptor.java:145)
	at org.springframework.aop.framework.ReflectiveMethodInvocation.proceed(ReflectiveMethodInvocation.java:172)
	at org.springframework.aop.framework.JdkDynamicAopProxy.invoke(JdkDynamicAopProxy.java:204)
	at com.sun.proxy.$Proxy8.login(Unknown Source)
	at org.eclipse.stardust.engine.api.spring.SpringServiceFactory.getNewServiceInstance(SpringServiceFactory.java:116)
	at org.eclipse.stardust.engine.core.runtime.beans.AbstractSessionAwareServiceFactory.getOrCreateService(AbstractSessionAwareServiceFactory.java:65)
	at org.eclipse.stardust.engine.core.runtime.beans.AbstractSessionAwareServiceFactory.startSession(AbstractSessionAwareServiceFactory.java:120)
	at org.eclipse.stardust.engine.core.runtime.beans.AbstractSessionAwareServiceFactory.getService(AbstractSessionAwareServiceFactory.java:53)
	at org.eclipse.stardust.engine.core.runtime.beans.DefaultServiceFactory.getQueryService(DefaultServiceFactory.java:60)
	at org.eclipse.stardust.modeling.deploy.DeployModelDialog.<init>(DeployModelDialog.java:73)
	at org.eclipse.stardust.modeling.deploy.DeployModelDialog.showDialog(DeployModelDialog.java:240)
	at org.eclipse.stardust.modeling.deploy.ModelDeploymentTool.deployModel(ModelDeploymentTool.java:318)
	at org.eclipse.stardust.modeling.deploy.ModelDeploymentTool.<init>(ModelDeploymentTool.java:220)
	at org.eclipse.stardust.modeling.deploy.ModelDeploymentTool.main(ModelDeploymentTool.java:142)
Caused by: java.io.IOException: Did not receive successful HTTP response: status code = 404, status message = [Not Found]
	at org.springframework.remoting.httpinvoker.SimpleHttpInvokerRequestExecutor.validateResponse(SimpleHttpInvokerRequestExecutor.java:179)
	at org.springframework.remoting.httpinvoker.SimpleHttpInvokerRequestExecutor.doExecuteRequest(SimpleHttpInvokerRequestExecutor.java:92)
	at org.springframework.remoting.httpinvoker.AbstractHttpInvokerRequestExecutor.executeRequest(AbstractHttpInvokerRequestExecutor.java:136)
	at org.eclipse.stardust.engine.api.spring.CarnotHttpInvokerRequestExecutor.executeRequest(CarnotHttpInvokerRequestExecutor.java:87)
	at org.springframework.remoting.httpinvoker.HttpInvokerClientInterceptor.executeRequest(HttpInvokerClientInterceptor.java:192)
	at org.springframework.remoting.httpinvoker.HttpInvokerClientInterceptor.executeRequest(HttpInvokerClientInterceptor.java:174)
	at org.springframework.remoting.httpinvoker.HttpInvokerClientInterceptor.invoke(HttpInvokerClientInterceptor.java:142)
	... 13 more
