\BOOKMARK [0][-]{chapter.1}{Introduction}{}% 1
\BOOKMARK [1][-]{section.1.1}{Problem Statement}{chapter.1}% 2
\BOOKMARK [1][-]{section.1.2}{Methodology and Outline}{chapter.1}% 3
\BOOKMARK [0][-]{chapter.2}{Fundamentals}{}% 4
\BOOKMARK [1][-]{section.2.1}{Industry 4.0}{chapter.2}% 5
\BOOKMARK [2][-]{subsection.2.1.1}{Definition}{section.2.1}% 6
\BOOKMARK [2][-]{subsection.2.1.2}{Enablers of Industry 4.0}{section.2.1}% 7
\BOOKMARK [2][-]{subsection.2.1.3}{Components of Industry 4.0 Enablers}{section.2.1}% 8
\BOOKMARK [2][-]{subsection.2.1.4}{Mechanisms to Increase Productivity}{section.2.1}% 9
\BOOKMARK [2][-]{subsection.2.1.5}{Industrial Requirements}{section.2.1}% 10
\BOOKMARK [2][-]{subsection.2.1.6}{Benefits of Industry 4.0 in Manufacturing}{section.2.1}% 11
\BOOKMARK [1][-]{section.2.2}{Internet of Things}{chapter.2}% 12
\BOOKMARK [2][-]{subsection.2.2.1}{Definition and Trends}{section.2.2}% 13
\BOOKMARK [2][-]{subsection.2.2.2}{Elements of IoT}{section.2.2}% 14
\BOOKMARK [2][-]{subsection.2.2.3}{IoT Architecture}{section.2.2}% 15
\BOOKMARK [2][-]{subsection.2.2.4}{IoT and Industry 4.0}{section.2.2}% 16
\BOOKMARK [2][-]{subsection.2.2.5}{Cyber-Physical Systems}{section.2.2}% 17
\BOOKMARK [2][-]{subsection.2.2.6}{IoT Augmented Manufacturing}{section.2.2}% 18
\BOOKMARK [1][-]{section.2.3}{Context-sensitive Execution Steps}{chapter.2}% 19
\BOOKMARK [0][-]{chapter.3}{Business Process Model and Notation}{}% 20
\BOOKMARK [1][-]{section.3.1}{Motivation}{chapter.3}% 21
\BOOKMARK [1][-]{section.3.2}{Reason for Selecting BPMN}{chapter.3}% 22
\BOOKMARK [1][-]{section.3.3}{Properties of BPMN}{chapter.3}% 23
\BOOKMARK [0][-]{chapter.4}{Motivating Scenario}{}% 24
\BOOKMARK [0][-]{chapter.5}{Requirements for Context-Sensitive Process}{}% 25
\BOOKMARK [0][-]{chapter.6}{Related Works and Evaluation}{}% 26
\BOOKMARK [0][-]{chapter.7}{Architecture and Implementation}{}% 27
\BOOKMARK [0][-]{chapter.8}{Validation and Evaluation}{}% 28
\BOOKMARK [0][-]{chapter.9}{Summary and Outlook}{}% 29
\BOOKMARK [0][-]{section*.15}{Appendices}{}% 30
\BOOKMARK [0][-]{Appendix.a.A}{List of Acronyms}{}% 31
\BOOKMARK [0][-]{chapter*.16}{Bibliography}{}% 32
