18:08:23 INFO - [main           ] Parameters           - CARNOT version: 3.0.1.20150916-0729
18:08:23 INFO - [main           ] GlobalParameters     - Loading properties via provider factory org.eclipse.stardust.common.config.DefaultPropertiesProvider$Factory (priority 1).
18:08:23 INFO - [main           ] ltPropertiesProvider - Property bundle carnot.properties bootstrapped from classloader sun.misc.Launcher$AppClassLoader@a431693:
18:08:23 INFO - [main           ] ltPropertiesProvider -   JNDI.InitialContextFactory = 
18:08:23 INFO - [main           ] ltPropertiesProvider -   Web.ServiceFactory = ag.carnot.workflow.runtime.beans.POJOServiceFactory
18:08:23 INFO - [main           ] ltPropertiesProvider -   Security.DefaultPartition = workflow-debugger
18:08:23 INFO - [main           ] ltPropertiesProvider -   Logging.MaxFileSize = 4194304
18:08:23 INFO - [main           ] ltPropertiesProvider -   Secure.Session.Factory = 
18:08:23 INFO - [main           ] ltPropertiesProvider -   QueryService.Guarded = false
18:08:23 INFO - [main           ] ltPropertiesProvider -   Security.Authentication.ConfigurationName = 
18:08:23 INFO - [main           ] ltPropertiesProvider -   Security.DefaultDomain = workflow-debugger
18:08:23 INFO - [main           ] ltPropertiesProvider -   Credential.Provider = 
18:08:23 INFO - [main           ] ltPropertiesProvider -   Logging.Format = %d{yyyy-MM-dd HH:mm:ss,SSS} %-5p [%t] (%x) %c{2} - %m%n
18:08:23 INFO - [main           ] ltPropertiesProvider -   Logging.Directory = ./log
18:08:23 INFO - [main           ] ltPropertiesProvider -   Mail.Host = your-mail-host
18:08:23 INFO - [main           ] ltPropertiesProvider -   Client.ServiceFactory = ag.carnot.workflow.runtime.beans.POJOServiceFactory
18:08:23 INFO - [main           ] ltPropertiesProvider -   Logging.Filters = 
18:08:23 INFO - [main           ] ltPropertiesProvider -   Security.DefaultRealm = workflow-debugger
18:08:23 INFO - [main           ] ltPropertiesProvider -   Mail.Sender = your-mail-address
18:08:23 INFO - [main           ] ltPropertiesProvider -   Logging.LogLevel = INFO
18:08:23 INFO - [main           ] ltPropertiesProvider -   GUI.WorklistRotation = true
18:08:23 INFO - [main           ] ltPropertiesProvider -   GUI.WorklistRetrievalInterval = 20
18:08:23 INFO - [main           ] GlobalParameters     - Loading properties via provider factory org.eclipse.stardust.engine.spring.web.SpringAppContextPropertiesProviderFactory (priority 4).
18:08:26 INFO - [main           ] extensions           - Initializing static extensions resolver
18:08:26 INFO - [main           ] extensions           - Initializing Service Provider extensions resolver
18:08:26 INFO - [main           ] extensions           - Using extensions manager: org.eclipse.stardust.engine.core.runtime.beans.PartitionAwareExtensionsManager@7e64f359
18:08:26 INFO - [main           ] extensions           - Initializing static extensions resolver
18:08:26 INFO - [main           ] extensions           - Initializing Service Provider extensions resolver
18:08:26 INFO - [main           ] AuditTrailLogger     - Granting Role: Administrator to User: workflow-debugger (Realm: workflow-debugger) (workflow-debugger, workflow-debugger). (null)
18:08:26 INFO - [main           ] AuditTrailLogger     - Granting Role: Manager to User: workflow-debugger (Realm: workflow-debugger) (workflow-debugger, workflow-debugger). (null)
18:08:26 INFO - [main           ] Debugger             - Spring RT support is not available.
18:08:26 INFO - [essInstantiator] Parameters           - CARNOT version: 3.0.1.20150916-0729
18:08:26 INFO - [essInstantiator] DebugInterceptor     - --> login
18:08:26 INFO - [essInstantiator] DebugInterceptor     - --> execute
18:08:27 INFO - [essInstantiator] Security             - Partition: workflow-debugger, Domain: workflow-debugger.
18:08:27 INFO - [essInstantiator] DebugInterceptor     - <-- execute
18:08:27 INFO - [essInstantiator] AuditTrailLogger     - Logged in. (User: workflow-debugger (Realm: workflow-debugger) (workflow-debugger, workflow-debugger))
18:08:27 INFO - [essInstantiator] Security             - Partition: workflow-debugger, Domain: workflow-debugger.
18:08:27 INFO - [essInstantiator] DebugInterceptor     - <-- login
18:08:27 INFO - [essInstantiator] DebugInterceptor     - --> startProcess
18:08:27 INFO - [essInstantiator] ProcessInstanceBean  - Setting starting user to '4'  for process instance 11.
18:08:27 INFO - [essInstantiator] ProcessInstanceBean  - State change for Process instance = 11 (Process Definition: ProcessSemiAutoNoMain) (model oid = 1, version = 1, revision = 0): Created-->Active.
18:08:27 INFO - [essInstantiator] WorkflowServiceImpl  - Starting process 'ProcessSemiAutoNoMain', oid = 11, synchronous = false
18:08:27 INFO - [essInstantiator] Security             - Partition: workflow-debugger, Domain: workflow-debugger.
18:08:27 INFO - [Thread-1       ] Parameters           - CARNOT version: 3.0.1.20150916-0729
18:08:27 INFO - [essInstantiator] DebugInterceptor     - <-- startProcess
18:08:27 INFO - [Thread-1       ] DebugInterceptor     - --> execute
18:08:27 INFO - [essInstantiator] DebugInterceptor     - --> remove
18:08:27 INFO - [essInstantiator] Security             - Partition: workflow-debugger, Domain: workflow-debugger.
18:08:27 INFO - [essInstantiator] DebugInterceptor     - <-- remove
18:08:27 INFO - [Thread-1       ] ActivityInstanceBean - State change for Activity instance 'PackBlanket',  oid: 13 (process instance = 11) (model oid = 1, version = 1, revision = 0): Created-->Created.
18:08:27 INFO - [Thread-1       ] DebugInterceptor     - --> login
18:08:27 INFO - [Thread-1       ] DebugInterceptor     - --> execute
18:08:27 INFO - [Thread-1       ] Security             - Partition: workflow-debugger, Domain: workflow-debugger.
18:08:27 INFO - [Thread-1       ] DebugInterceptor     - <-- execute
18:08:27 INFO - [Thread-1       ] AuditTrailLogger     - Logged in. (User: workflow-debugger (Realm: workflow-debugger) (workflow-debugger, workflow-debugger))
18:08:27 INFO - [Thread-1       ] Security             - Partition: workflow-debugger, Domain: workflow-debugger.
18:08:27 INFO - [Thread-1       ] DebugInterceptor     - <-- login
18:08:27 INFO - [Thread-1       ] DebugInterceptor     - --> getInDataValues
18:08:27 INFO - [Thread-1       ] Security             - Partition: workflow-debugger, Domain: workflow-debugger.
18:08:27 INFO - [Thread-1       ] DebugInterceptor     - <-- getInDataValues
18:08:27 INFO - [Thread-1       ] DebugInterceptor     - --> remove
18:08:27 INFO - [Thread-1       ] Security             - Partition: workflow-debugger, Domain: workflow-debugger.
18:08:27 INFO - [Thread-1       ] DebugInterceptor     - <-- remove
18:08:27 INFO - [Thread-1       ] ActivityInstanceBean - Performer of Activity instance 'PackBlanket',  oid: 13 (process instance = 11) (model oid = 1, version = 1, revision = 0) set to Role: Administrator.
18:08:27 INFO - [Thread-1       ] DebugInterceptor     - --> login
18:08:27 INFO - [Thread-1       ] DebugInterceptor     - --> execute
18:08:27 INFO - [Thread-1       ] Security             - Partition: workflow-debugger, Domain: workflow-debugger.
18:08:27 INFO - [Thread-1       ] DebugInterceptor     - <-- execute
18:08:27 INFO - [Thread-1       ] AuditTrailLogger     - Logged in. (User: workflow-debugger (Realm: workflow-debugger) (workflow-debugger, workflow-debugger))
18:08:27 INFO - [Thread-1       ] Security             - Partition: workflow-debugger, Domain: workflow-debugger.
18:08:27 INFO - [Thread-1       ] DebugInterceptor     - <-- login
18:08:27 INFO - [Thread-1       ] DebugInterceptor     - --> getInDataValues
18:08:27 INFO - [Thread-1       ] Security             - Partition: workflow-debugger, Domain: workflow-debugger.
18:08:27 INFO - [Thread-1       ] DebugInterceptor     - <-- getInDataValues
18:08:27 INFO - [Thread-1       ] DebugInterceptor     - --> remove
18:08:27 INFO - [Thread-1       ] Security             - Partition: workflow-debugger, Domain: workflow-debugger.
18:08:27 INFO - [Thread-1       ] DebugInterceptor     - <-- remove
18:08:27 INFO - [Thread-1       ] ActivityInstanceBean - State change for Activity instance 'PackBlanket',  oid: 13 (process instance = 11) (model oid = 1, version = 1, revision = 0): Created-->Suspended.
18:08:27 INFO - [Thread-1       ] Security             - Partition: workflow-debugger, Domain: workflow-debugger.
18:08:27 INFO - [Thread-1       ] DebugInterceptor     - <-- execute
18:08:27 INFO - [Thread-1       ] ManagedRunner        - About to enter communication method in thread Thread[Thread-1,5,Infinity Activity Thread] for Activity instance 'PackBlanket',  oid: 13 (process instance = 11) (model oid = 1, version = 1, revision = 0).
18:08:27 INFO - [Thread-1       ] DebugInterceptor     - --> login
18:08:27 INFO - [Thread-1       ] DebugInterceptor     - --> execute
18:08:27 INFO - [Thread-1       ] Security             - Partition: workflow-debugger, Domain: workflow-debugger.
18:08:27 INFO - [Thread-1       ] DebugInterceptor     - <-- execute
18:08:27 INFO - [Thread-1       ] AuditTrailLogger     - Logged in. (User: workflow-debugger (Realm: workflow-debugger) (workflow-debugger, workflow-debugger))
18:08:27 INFO - [Thread-1       ] Security             - Partition: workflow-debugger, Domain: workflow-debugger.
18:08:27 INFO - [Thread-1       ] DebugInterceptor     - <-- login
18:08:27 INFO - [Thread-1       ] DebugInterceptor     - --> getInDataValues
18:08:27 INFO - [Thread-1       ] Security             - Partition: workflow-debugger, Domain: workflow-debugger.
18:08:27 INFO - [Thread-1       ] DebugInterceptor     - <-- getInDataValues
18:08:27 INFO - [Thread-1       ] DebugInterceptor     - --> remove
18:08:27 INFO - [Thread-1       ] Security             - Partition: workflow-debugger, Domain: workflow-debugger.
18:08:27 INFO - [Thread-1       ] DebugInterceptor     - <-- remove
18:08:40 INFO - [Thread-1       ] DebugInterceptor     - --> execute
18:08:40 INFO - [Thread-1       ] ActivityInstanceBean - State change for Activity instance 'PackBlanket',  oid: 13 (process instance = 11) (model oid = 1, version = 1, revision = 0): Suspended-->Application.
18:08:40 INFO - [Thread-1       ] ActivityInstanceBean - State change for Activity instance 'PackBlanket',  oid: 13 (process instance = 11) (model oid = 1, version = 1, revision = 0): Application-->Completed.
18:08:40 INFO - [Thread-1       ] ActivityInstanceBean - Remove from worklists: Activity instance 'PackBlanket',  oid: 13 (process instance = 11) (model oid = 1, version = 1, revision = 0)
18:08:40 INFO - [Thread-1       ] DebugInterceptor     - --> login
18:08:40 INFO - [Thread-1       ] DebugInterceptor     - --> execute
18:08:40 INFO - [Thread-1       ] Security             - Partition: workflow-debugger, Domain: workflow-debugger.
18:08:40 INFO - [Thread-1       ] DebugInterceptor     - <-- execute
18:08:40 INFO - [Thread-1       ] AuditTrailLogger     - Logged in. (User: workflow-debugger (Realm: workflow-debugger) (workflow-debugger, workflow-debugger))
18:08:40 INFO - [Thread-1       ] Security             - Partition: workflow-debugger, Domain: workflow-debugger.
18:08:40 INFO - [Thread-1       ] DebugInterceptor     - <-- login
18:08:40 INFO - [Thread-1       ] DebugInterceptor     - --> getInDataValues
18:08:40 INFO - [Thread-3       ] Parameters           - CARNOT version: 3.0.1.20150916-0729
18:08:40 INFO - [Thread-3       ] DebugInterceptor     - --> execute
18:08:40 INFO - [Thread-3       ] Security             - Partition: workflow-debugger, Domain: workflow-debugger.
18:08:40 INFO - [Thread-3       ] DebugInterceptor     - <-- execute
18:08:40 INFO - [Thread-3       ] ManagedRunner        - Termination of Java thread Thread[Thread-3,5,Infinity Helper Thread].
18:08:40 INFO - [Thread-1       ] Security             - Partition: workflow-debugger, Domain: workflow-debugger.
18:08:40 INFO - [Thread-1       ] DebugInterceptor     - <-- getInDataValues
18:08:40 INFO - [Thread-1       ] DebugInterceptor     - --> remove
18:08:40 INFO - [Thread-1       ] Security             - Partition: workflow-debugger, Domain: workflow-debugger.
18:08:40 INFO - [Thread-1       ] DebugInterceptor     - <-- remove
18:08:40 INFO - [Thread-1       ] ActivityInstanceBean - State change for Activity instance 'SealManually',  oid: 19 (process instance = 11) (model oid = 1, version = 1, revision = 0): Created-->Created.
18:08:40 INFO - [Thread-1       ] DebugInterceptor     - --> login
18:08:40 INFO - [Thread-1       ] DebugInterceptor     - --> execute
18:08:40 INFO - [Thread-1       ] Security             - Partition: workflow-debugger, Domain: workflow-debugger.
18:08:40 INFO - [Thread-1       ] DebugInterceptor     - <-- execute
18:08:40 INFO - [Thread-1       ] AuditTrailLogger     - Logged in. (User: workflow-debugger (Realm: workflow-debugger) (workflow-debugger, workflow-debugger))
18:08:40 INFO - [Thread-1       ] Security             - Partition: workflow-debugger, Domain: workflow-debugger.
18:08:40 INFO - [Thread-1       ] DebugInterceptor     - <-- login
18:08:40 INFO - [Thread-1       ] DebugInterceptor     - --> getInDataValues
18:08:40 INFO - [Thread-1       ] Security             - Partition: workflow-debugger, Domain: workflow-debugger.
18:08:40 INFO - [Thread-1       ] DebugInterceptor     - <-- getInDataValues
18:08:40 INFO - [Thread-1       ] DebugInterceptor     - --> remove
18:08:40 INFO - [Thread-1       ] Security             - Partition: workflow-debugger, Domain: workflow-debugger.
18:08:40 INFO - [Thread-1       ] DebugInterceptor     - <-- remove
18:08:40 INFO - [Thread-1       ] ActivityInstanceBean - Performer of Activity instance 'SealManually',  oid: 19 (process instance = 11) (model oid = 1, version = 1, revision = 0) set to Role: Manager.
18:08:40 INFO - [Thread-1       ] DebugInterceptor     - --> login
18:08:40 INFO - [Thread-1       ] DebugInterceptor     - --> execute
18:08:40 INFO - [Thread-1       ] Security             - Partition: workflow-debugger, Domain: workflow-debugger.
18:08:40 INFO - [Thread-1       ] DebugInterceptor     - <-- execute
18:08:40 INFO - [Thread-1       ] AuditTrailLogger     - Logged in. (User: workflow-debugger (Realm: workflow-debugger) (workflow-debugger, workflow-debugger))
18:08:40 INFO - [Thread-1       ] Security             - Partition: workflow-debugger, Domain: workflow-debugger.
18:08:40 INFO - [Thread-1       ] DebugInterceptor     - <-- login
18:08:40 INFO - [Thread-1       ] DebugInterceptor     - --> getInDataValues
18:08:40 INFO - [Thread-1       ] Security             - Partition: workflow-debugger, Domain: workflow-debugger.
18:08:40 INFO - [Thread-1       ] DebugInterceptor     - <-- getInDataValues
18:08:40 INFO - [Thread-1       ] DebugInterceptor     - --> remove
18:08:40 INFO - [Thread-1       ] Security             - Partition: workflow-debugger, Domain: workflow-debugger.
18:08:40 INFO - [Thread-1       ] DebugInterceptor     - <-- remove
18:08:40 INFO - [Thread-1       ] ActivityInstanceBean - State change for Activity instance 'SealManually',  oid: 19 (process instance = 11) (model oid = 1, version = 1, revision = 0): Created-->Suspended.
18:08:40 INFO - [Thread-1       ] Security             - Partition: workflow-debugger, Domain: workflow-debugger.
18:08:40 INFO - [Thread-1       ] DebugInterceptor     - <-- execute
18:08:40 INFO - [Thread-1       ] ManagedRunner        - About to enter communication method in thread Thread[Thread-1,5,Infinity Activity Thread] for Activity instance 'SealManually',  oid: 19 (process instance = 11) (model oid = 1, version = 1, revision = 0).
18:08:40 INFO - [Thread-1       ] DebugInterceptor     - --> login
18:08:40 INFO - [Thread-4       ] Parameters           - CARNOT version: 3.0.1.20150916-0729
18:08:40 INFO - [Thread-4       ] DebugInterceptor     - --> execute
18:08:40 INFO - [Thread-1       ] DebugInterceptor     - --> execute
18:08:40 INFO - [Thread-5       ] Parameters           - CARNOT version: 3.0.1.20150916-0729
18:08:40 INFO - [Thread-5       ] DebugInterceptor     - --> execute
18:08:40 INFO - [Thread-1       ] Security             - Partition: workflow-debugger, Domain: workflow-debugger.
18:08:40 INFO - [Thread-1       ] DebugInterceptor     - <-- execute
18:08:40 INFO - [Thread-1       ] AuditTrailLogger     - Logged in. (User: workflow-debugger (Realm: workflow-debugger) (workflow-debugger, workflow-debugger))
18:08:40 INFO - [Thread-1       ] Security             - Partition: workflow-debugger, Domain: workflow-debugger.
18:08:40 INFO - [Thread-1       ] DebugInterceptor     - <-- login
18:08:40 INFO - [Thread-1       ] DebugInterceptor     - --> getInDataValues
18:08:40 INFO - [Thread-1       ] Security             - Partition: workflow-debugger, Domain: workflow-debugger.
18:08:40 INFO - [Thread-1       ] DebugInterceptor     - <-- getInDataValues
18:08:40 INFO - [Thread-1       ] DebugInterceptor     - --> remove
18:08:40 INFO - [Thread-1       ] Security             - Partition: workflow-debugger, Domain: workflow-debugger.
18:08:40 INFO - [Thread-1       ] DebugInterceptor     - <-- remove
18:08:40 INFO - [Thread-4       ] ActivityInstanceBean - State change for Activity instance 'MaintainMachine',  oid: 27 (process instance = 11) (model oid = 1, version = 1, revision = 0): Created-->Created.
18:08:40 INFO - [Thread-5       ] ActivityInstanceBean - State change for Activity instance 'SealPacketByMachine',  oid: 26 (process instance = 11) (model oid = 1, version = 1, revision = 0): Created-->Created.
18:08:40 INFO - [Thread-5       ] DebugInterceptor     - --> login
18:08:40 INFO - [Thread-4       ] DebugInterceptor     - --> login
18:08:40 INFO - [Thread-4       ] DebugInterceptor     - --> execute
18:08:40 INFO - [Thread-5       ] DebugInterceptor     - --> execute
18:08:40 INFO - [Thread-4       ] Security             - Partition: workflow-debugger, Domain: workflow-debugger.
18:08:40 INFO - [Thread-4       ] DebugInterceptor     - <-- execute
18:08:40 INFO - [Thread-5       ] Security             - Partition: workflow-debugger, Domain: workflow-debugger.
18:08:40 INFO - [Thread-5       ] DebugInterceptor     - <-- execute
18:08:40 INFO - [Thread-4       ] AuditTrailLogger     - Logged in. (User: workflow-debugger (Realm: workflow-debugger) (workflow-debugger, workflow-debugger))
18:08:40 INFO - [Thread-4       ] Security             - Partition: workflow-debugger, Domain: workflow-debugger.
18:08:40 INFO - [Thread-4       ] DebugInterceptor     - <-- login
18:08:40 INFO - [Thread-4       ] DebugInterceptor     - --> getInDataValues
18:08:40 INFO - [Thread-5       ] AuditTrailLogger     - Logged in. (User: workflow-debugger (Realm: workflow-debugger) (workflow-debugger, workflow-debugger))
18:08:40 INFO - [Thread-5       ] Security             - Partition: workflow-debugger, Domain: workflow-debugger.
18:08:40 INFO - [Thread-5       ] DebugInterceptor     - <-- login
18:08:40 INFO - [Thread-5       ] DebugInterceptor     - --> getInDataValues
18:08:40 INFO - [Thread-4       ] Security             - Partition: workflow-debugger, Domain: workflow-debugger.
18:08:40 INFO - [Thread-5       ] Security             - Partition: workflow-debugger, Domain: workflow-debugger.
18:08:40 INFO - [Thread-4       ] DebugInterceptor     - <-- getInDataValues
18:08:40 INFO - [Thread-5       ] DebugInterceptor     - <-- getInDataValues
18:08:40 INFO - [Thread-4       ] DebugInterceptor     - --> remove
18:08:40 INFO - [Thread-4       ] Security             - Partition: workflow-debugger, Domain: workflow-debugger.
18:08:40 INFO - [Thread-5       ] DebugInterceptor     - --> remove
18:08:40 INFO - [Thread-4       ] DebugInterceptor     - <-- remove
18:08:40 INFO - [Thread-5       ] Security             - Partition: workflow-debugger, Domain: workflow-debugger.
18:08:40 INFO - [Thread-5       ] DebugInterceptor     - <-- remove
18:08:41 INFO - [Thread-4       ] ActivityInstanceBean - State change for Activity instance 'MaintainMachine',  oid: 27 (process instance = 11) (model oid = 1, version = 1, revision = 0): Created-->Application.
18:08:41 INFO - [Thread-5       ] ActivityInstanceBean - State change for Activity instance 'SealPacketByMachine',  oid: 26 (process instance = 11) (model oid = 1, version = 1, revision = 0): Created-->Application.
18:08:43 WARN - [Thread-5       ] LogUtils             - 
javax.xml.ws.soap.SOAPFaultException: Part {http://ws.debasis.org/}parameters should be of type org.debasis.ws.jaxws.GetVersionResponse, not java.lang.String
	at org.apache.cxf.jaxws.DispatchImpl.mapException(DispatchImpl.java:287)
	at org.apache.cxf.jaxws.DispatchImpl.invoke(DispatchImpl.java:388)
	at org.apache.cxf.jaxws.DispatchImpl.invoke(DispatchImpl.java:243)
	at org.eclipse.stardust.engine.extensions.jaxws.app.WebserviceApplicationInstance.invoke(WebserviceApplicationInstance.java:275)
	at org.eclipse.stardust.engine.core.runtime.beans.ActivityInstanceBean.retrySynchronousApplication(ActivityInstanceBean.java:1613)
	at org.eclipse.stardust.engine.core.runtime.beans.ActivityInstanceBean.invokeApplication(ActivityInstanceBean.java:1539)
	at org.eclipse.stardust.engine.core.runtime.beans.ActivityInstanceBean.invokeApplication(ActivityInstanceBean.java:1355)
	at org.eclipse.stardust.engine.core.runtime.beans.ActivityInstanceBean.invoke(ActivityInstanceBean.java:1141)
	at org.eclipse.stardust.engine.core.runtime.beans.ActivityInstanceBean.doStartActivity(ActivityInstanceBean.java:1131)
	at org.eclipse.stardust.engine.core.runtime.beans.ActivityInstanceBean.start(ActivityInstanceBean.java:1092)
	at org.eclipse.stardust.engine.core.runtime.beans.ActivityThread.runCurrentActivity(ActivityThread.java:1123)
	at org.eclipse.stardust.engine.core.runtime.beans.ActivityThread.run(ActivityThread.java:365)
	at org.eclipse.stardust.engine.core.runtime.beans.ActivityThreadCarrier$ActivityThreadRunner.execute(ActivityThreadCarrier.java:207)
	at org.eclipse.stardust.engine.core.runtime.beans.SecurityContextAwareAction$SecurityContextBoundAction.execute(SecurityContextAwareAction.java:69)
	at org.eclipse.stardust.modeling.debug.engine.DebugForkingService$MyActionRunner.execute(DebugForkingService.java:110)
	at sun.reflect.NativeMethodAccessorImpl.invoke0(Native Method)
	at sun.reflect.NativeMethodAccessorImpl.invoke(Unknown Source)
	at sun.reflect.DelegatingMethodAccessorImpl.invoke(Unknown Source)
	at java.lang.reflect.Method.invoke(Unknown Source)
	at org.eclipse.stardust.engine.core.runtime.beans.interceptors.CallingInterceptor.invoke(CallingInterceptor.java:29)
	at org.eclipse.stardust.engine.core.runtime.interceptor.MethodInvocationImpl.proceed(MethodInvocationImpl.java:130)
	at org.eclipse.stardust.engine.core.runtime.beans.interceptors.POJOExceptionHandler.invoke(POJOExceptionHandler.java:30)
	at org.eclipse.stardust.engine.core.runtime.interceptor.MethodInvocationImpl.proceed(MethodInvocationImpl.java:130)
	at org.eclipse.stardust.modeling.debug.engine.DebugSessionInterceptor.invoke(DebugSessionInterceptor.java:57)
	at org.eclipse.stardust.engine.core.runtime.interceptor.MethodInvocationImpl.proceed(MethodInvocationImpl.java:130)
	at org.eclipse.stardust.modeling.debug.engine.DebugForkingInterceptor.invoke(DebugForkingInterceptor.java:52)
	at org.eclipse.stardust.engine.core.runtime.interceptor.MethodInvocationImpl.proceed(MethodInvocationImpl.java:130)
	at org.eclipse.stardust.engine.core.runtime.beans.interceptors.PropertyLayerProviderInterceptor.invoke(PropertyLayerProviderInterceptor.java:129)
	at org.eclipse.stardust.engine.core.runtime.interceptor.MethodInvocationImpl.proceed(MethodInvocationImpl.java:130)
	at org.eclipse.stardust.engine.core.runtime.beans.interceptors.DebugInterceptor.invoke(DebugInterceptor.java:56)
	at org.eclipse.stardust.engine.core.runtime.interceptor.MethodInvocationImpl.proceed(MethodInvocationImpl.java:130)
	at org.eclipse.stardust.engine.core.runtime.interceptor.MethodInvocationImpl.execute(MethodInvocationImpl.java:68)
	at org.eclipse.stardust.engine.core.runtime.beans.InvocationManager.invoke(InvocationManager.java:53)
	at com.sun.proxy.$Proxy2.execute(Unknown Source)
	at org.eclipse.stardust.modeling.debug.engine.DebugForkingService.isolate(DebugForkingService.java:52)
	at org.eclipse.stardust.modeling.debug.engine.ManagedRunner.run(ManagedRunner.java:107)
	at java.lang.Thread.run(Unknown Source)
Caused by: org.apache.cxf.binding.soap.SoapFault: Part {http://ws.debasis.org/}parameters should be of type org.debasis.ws.jaxws.GetVersionResponse, not java.lang.String
	at org.apache.cxf.binding.soap.interceptor.Soap11FaultInInterceptor.unmarshalFault(Soap11FaultInInterceptor.java:84)
	at org.apache.cxf.binding.soap.interceptor.Soap11FaultInInterceptor.handleMessage(Soap11FaultInInterceptor.java:51)
	at org.apache.cxf.binding.soap.interceptor.Soap11FaultInInterceptor.handleMessage(Soap11FaultInInterceptor.java:40)
	at org.apache.cxf.phase.PhaseInterceptorChain.doIntercept(PhaseInterceptorChain.java:272)
	at org.apache.cxf.interceptor.AbstractFaultChainInitiatorObserver.onMessage(AbstractFaultChainInitiatorObserver.java:113)
	at org.apache.cxf.binding.soap.interceptor.CheckFaultInterceptor.handleMessage(CheckFaultInterceptor.java:69)
	at org.apache.cxf.binding.soap.interceptor.CheckFaultInterceptor.handleMessage(CheckFaultInterceptor.java:34)
	at org.apache.cxf.phase.PhaseInterceptorChain.doIntercept(PhaseInterceptorChain.java:272)
	at org.apache.cxf.endpoint.ClientImpl.onMessage(ClientImpl.java:835)
	at org.apache.cxf.transport.http.HTTPConduit$WrappedOutputStream.handleResponseInternal(HTTPConduit.java:1614)
	at org.apache.cxf.transport.http.HTTPConduit$WrappedOutputStream.handleResponse(HTTPConduit.java:1504)
	at org.apache.cxf.transport.http.HTTPConduit$WrappedOutputStream.close(HTTPConduit.java:1310)
	at org.apache.cxf.transport.AbstractConduit.close(AbstractConduit.java:56)
	at org.apache.cxf.transport.http.HTTPConduit.close(HTTPConduit.java:628)
	at org.apache.cxf.interceptor.MessageSenderInterceptor$MessageSenderEndingInterceptor.handleMessage(MessageSenderInterceptor.java:62)
	at org.apache.cxf.phase.PhaseInterceptorChain.doIntercept(PhaseInterceptorChain.java:272)
	at org.apache.cxf.endpoint.ClientImpl.doInvoke(ClientImpl.java:565)
	at org.apache.cxf.endpoint.ClientImpl.invoke(ClientImpl.java:474)
	at org.apache.cxf.endpoint.ClientImpl.invoke(ClientImpl.java:377)
	at org.apache.cxf.endpoint.ClientImpl.invoke(ClientImpl.java:330)
	at org.apache.cxf.endpoint.ClientImpl.invokeWrapped(ClientImpl.java:365)
	at org.apache.cxf.jaxws.DispatchImpl.invoke(DispatchImpl.java:381)
	... 35 more
18:08:43 WARN - [Thread-4       ] LogUtils             - 
javax.xml.ws.soap.SOAPFaultException: Part {http://ws.debasis.org/}parameters should be of type org.debasis.ws.jaxws.GetVersionResponse, not java.lang.String
	at org.apache.cxf.jaxws.DispatchImpl.mapException(DispatchImpl.java:287)
	at org.apache.cxf.jaxws.DispatchImpl.invoke(DispatchImpl.java:388)
	at org.apache.cxf.jaxws.DispatchImpl.invoke(DispatchImpl.java:243)
	at org.eclipse.stardust.engine.extensions.jaxws.app.WebserviceApplicationInstance.invoke(WebserviceApplicationInstance.java:275)
	at org.eclipse.stardust.engine.core.runtime.beans.ActivityInstanceBean.retrySynchronousApplication(ActivityInstanceBean.java:1613)
	at org.eclipse.stardust.engine.core.runtime.beans.ActivityInstanceBean.invokeApplication(ActivityInstanceBean.java:1539)
	at org.eclipse.stardust.engine.core.runtime.beans.ActivityInstanceBean.invokeApplication(ActivityInstanceBean.java:1355)
	at org.eclipse.stardust.engine.core.runtime.beans.ActivityInstanceBean.invoke(ActivityInstanceBean.java:1141)
	at org.eclipse.stardust.engine.core.runtime.beans.ActivityInstanceBean.doStartActivity(ActivityInstanceBean.java:1131)
	at org.eclipse.stardust.engine.core.runtime.beans.ActivityInstanceBean.start(ActivityInstanceBean.java:1092)
	at org.eclipse.stardust.engine.core.runtime.beans.ActivityThread.runCurrentActivity(ActivityThread.java:1123)
	at org.eclipse.stardust.engine.core.runtime.beans.ActivityThread.run(ActivityThread.java:365)
	at org.eclipse.stardust.engine.core.runtime.beans.ActivityThreadCarrier$ActivityThreadRunner.execute(ActivityThreadCarrier.java:207)
	at org.eclipse.stardust.engine.core.runtime.beans.SecurityContextAwareAction$SecurityContextBoundAction.execute(SecurityContextAwareAction.java:69)
	at org.eclipse.stardust.modeling.debug.engine.DebugForkingService$MyActionRunner.execute(DebugForkingService.java:110)
	at sun.reflect.NativeMethodAccessorImpl.invoke0(Native Method)
	at sun.reflect.NativeMethodAccessorImpl.invoke(Unknown Source)
	at sun.reflect.DelegatingMethodAccessorImpl.invoke(Unknown Source)
	at java.lang.reflect.Method.invoke(Unknown Source)
	at org.eclipse.stardust.engine.core.runtime.beans.interceptors.CallingInterceptor.invoke(CallingInterceptor.java:29)
	at org.eclipse.stardust.engine.core.runtime.interceptor.MethodInvocationImpl.proceed(MethodInvocationImpl.java:130)
	at org.eclipse.stardust.engine.core.runtime.beans.interceptors.POJOExceptionHandler.invoke(POJOExceptionHandler.java:30)
	at org.eclipse.stardust.engine.core.runtime.interceptor.MethodInvocationImpl.proceed(MethodInvocationImpl.java:130)
	at org.eclipse.stardust.modeling.debug.engine.DebugSessionInterceptor.invoke(DebugSessionInterceptor.java:57)
	at org.eclipse.stardust.engine.core.runtime.interceptor.MethodInvocationImpl.proceed(MethodInvocationImpl.java:130)
	at org.eclipse.stardust.modeling.debug.engine.DebugForkingInterceptor.invoke(DebugForkingInterceptor.java:52)
	at org.eclipse.stardust.engine.core.runtime.interceptor.MethodInvocationImpl.proceed(MethodInvocationImpl.java:130)
	at org.eclipse.stardust.engine.core.runtime.beans.interceptors.PropertyLayerProviderInterceptor.invoke(PropertyLayerProviderInterceptor.java:129)
	at org.eclipse.stardust.engine.core.runtime.interceptor.MethodInvocationImpl.proceed(MethodInvocationImpl.java:130)
	at org.eclipse.stardust.engine.core.runtime.beans.interceptors.DebugInterceptor.invoke(DebugInterceptor.java:56)
	at org.eclipse.stardust.engine.core.runtime.interceptor.MethodInvocationImpl.proceed(MethodInvocationImpl.java:130)
	at org.eclipse.stardust.engine.core.runtime.interceptor.MethodInvocationImpl.execute(MethodInvocationImpl.java:68)
	at org.eclipse.stardust.engine.core.runtime.beans.InvocationManager.invoke(InvocationManager.java:53)
	at com.sun.proxy.$Proxy2.execute(Unknown Source)
	at org.eclipse.stardust.modeling.debug.engine.DebugForkingService.isolate(DebugForkingService.java:52)
	at org.eclipse.stardust.modeling.debug.engine.ManagedRunner.run(ManagedRunner.java:107)
	at java.lang.Thread.run(Unknown Source)
Caused by: org.apache.cxf.binding.soap.SoapFault: Part {http://ws.debasis.org/}parameters should be of type org.debasis.ws.jaxws.GetVersionResponse, not java.lang.String
	at org.apache.cxf.binding.soap.interceptor.Soap11FaultInInterceptor.unmarshalFault(Soap11FaultInInterceptor.java:84)
	at org.apache.cxf.binding.soap.interceptor.Soap11FaultInInterceptor.handleMessage(Soap11FaultInInterceptor.java:51)
	at org.apache.cxf.binding.soap.interceptor.Soap11FaultInInterceptor.handleMessage(Soap11FaultInInterceptor.java:40)
	at org.apache.cxf.phase.PhaseInterceptorChain.doIntercept(PhaseInterceptorChain.java:272)
	at org.apache.cxf.interceptor.AbstractFaultChainInitiatorObserver.onMessage(AbstractFaultChainInitiatorObserver.java:113)
	at org.apache.cxf.binding.soap.interceptor.CheckFaultInterceptor.handleMessage(CheckFaultInterceptor.java:69)
	at org.apache.cxf.binding.soap.interceptor.CheckFaultInterceptor.handleMessage(CheckFaultInterceptor.java:34)
	at org.apache.cxf.phase.PhaseInterceptorChain.doIntercept(PhaseInterceptorChain.java:272)
	at org.apache.cxf.endpoint.ClientImpl.onMessage(ClientImpl.java:835)
	at org.apache.cxf.transport.http.HTTPConduit$WrappedOutputStream.handleResponseInternal(HTTPConduit.java:1614)
	at org.apache.cxf.transport.http.HTTPConduit$WrappedOutputStream.handleResponse(HTTPConduit.java:1504)
	at org.apache.cxf.transport.http.HTTPConduit$WrappedOutputStream.close(HTTPConduit.java:1310)
	at org.apache.cxf.transport.AbstractConduit.close(AbstractConduit.java:56)
	at org.apache.cxf.transport.http.HTTPConduit.close(HTTPConduit.java:628)
	at org.apache.cxf.interceptor.MessageSenderInterceptor$MessageSenderEndingInterceptor.handleMessage(MessageSenderInterceptor.java:62)
	at org.apache.cxf.phase.PhaseInterceptorChain.doIntercept(PhaseInterceptorChain.java:272)
	at org.apache.cxf.endpoint.ClientImpl.doInvoke(ClientImpl.java:565)
	at org.apache.cxf.endpoint.ClientImpl.invoke(ClientImpl.java:474)
	at org.apache.cxf.endpoint.ClientImpl.invoke(ClientImpl.java:377)
	at org.apache.cxf.endpoint.ClientImpl.invoke(ClientImpl.java:330)
	at org.apache.cxf.endpoint.ClientImpl.invokeWrapped(ClientImpl.java:365)
	at org.apache.cxf.jaxws.DispatchImpl.invoke(DispatchImpl.java:381)
	... 35 more
18:08:43 WARN - [Thread-5       ] AuditTrailLogger     - javax.xml.ws.soap.SOAPFaultException: Part {http://ws.debasis.org/}parameters should be of type org.debasis.ws.jaxws.GetVersionResponse, not java.lang.String (User: workflow-debugger (Realm: workflow-debugger) (workflow-debugger, workflow-debugger))
18:08:43 WARN - [Thread-4       ] AuditTrailLogger     - javax.xml.ws.soap.SOAPFaultException: Part {http://ws.debasis.org/}parameters should be of type org.debasis.ws.jaxws.GetVersionResponse, not java.lang.String (User: workflow-debugger (Realm: workflow-debugger) (workflow-debugger, workflow-debugger))
18:08:43 INFO - [Thread-5       ] ProcessInstanceBean  - State change for Process instance = 11 (Process Definition: ProcessSemiAutoNoMain) (model oid = 1, version = 1, revision = 0): Active-->Interrupted.
18:08:43 INFO - [Thread-4       ] ProcessInstanceBean  - State change for Process instance = 11 (Process Definition: ProcessSemiAutoNoMain) (model oid = 1, version = 1, revision = 0): Active-->Interrupted.
18:08:43 INFO - [Thread-5       ] AuditTrailLogger     - Process instance interrupted. (User: workflow-debugger (Realm: workflow-debugger) (workflow-debugger, workflow-debugger))
18:08:43 INFO - [Thread-4       ] AuditTrailLogger     - Process instance interrupted. (User: workflow-debugger (Realm: workflow-debugger) (workflow-debugger, workflow-debugger))
18:08:43 INFO - [Thread-5       ] ActivityInstanceBean - State change for Activity instance 'SealPacketByMachine',  oid: 26 (process instance = 11) (model oid = 1, version = 1, revision = 0): Application-->Interrupted.
18:08:43 INFO - [Thread-4       ] ActivityInstanceBean - State change for Activity instance 'MaintainMachine',  oid: 27 (process instance = 11) (model oid = 1, version = 1, revision = 0): Application-->Interrupted.
18:08:43 WARN - [Thread-5       ] AuditTrailLogger     - Activity thread interrupted at 'Activity: Seal Packet By Machine', reason: javax.xml.ws.soap.SOAPFaultException: Part {http://ws.debasis.org/}parameters should be of type org.debasis.ws.jaxws.GetVersionResponse, not java.lang.String (User: workflow-debugger (Realm: workflow-debugger) (workflow-debugger, workflow-debugger))
18:08:43 WARN - [Thread-4       ] AuditTrailLogger     - Activity thread interrupted at 'Activity: Maintain Machine', reason: javax.xml.ws.soap.SOAPFaultException: Part {http://ws.debasis.org/}parameters should be of type org.debasis.ws.jaxws.GetVersionResponse, not java.lang.String (User: workflow-debugger (Realm: workflow-debugger) (workflow-debugger, workflow-debugger))
18:08:43 INFO - [Thread-5       ] Security             - Partition: workflow-debugger, Domain: workflow-debugger.
18:08:43 INFO - [Thread-4       ] Security             - Partition: workflow-debugger, Domain: workflow-debugger.
18:08:43 INFO - [Thread-5       ] DebugInterceptor     - <-- execute
18:08:43 INFO - [Thread-4       ] DebugInterceptor     - <-- execute
18:08:43 INFO - [Thread-5       ] ManagedRunner        - About to enter communication method in thread Thread[Thread-5,5,Infinity Activity Thread] for Activity instance 'SealPacketByMachine',  oid: 26 (process instance = 11) (model oid = 1, version = 1, revision = 0).
18:08:43 INFO - [Thread-8       ] Parameters           - CARNOT version: 3.0.1.20150916-0729
18:08:43 INFO - [Thread-4       ] ManagedRunner        - About to enter communication method in thread Thread[Thread-4,5,Infinity Activity Thread] for Activity instance 'MaintainMachine',  oid: 27 (process instance = 11) (model oid = 1, version = 1, revision = 0).
18:08:43 INFO - [Thread-8       ] DebugInterceptor     - --> execute
18:08:43 INFO - [Thread-4       ] DebugInterceptor     - --> login
18:08:43 INFO - [Thread-4       ] DebugInterceptor     - --> execute
18:08:43 INFO - [Thread-5       ] DebugInterceptor     - --> getInDataValues
18:08:43 INFO - [Thread-5       ] Security             - Partition: workflow-debugger, Domain: workflow-debugger.
18:08:43 INFO - [Thread-5       ] DebugInterceptor     - <-- getInDataValues
18:08:43 INFO - [Thread-7       ] Parameters           - CARNOT version: 3.0.1.20150916-0729
18:08:43 INFO - [Thread-5       ] DebugInterceptor     - --> remove
18:08:43 INFO - [Thread-7       ] DebugInterceptor     - --> execute
18:08:43 INFO - [Thread-5       ] Security             - Partition: workflow-debugger, Domain: workflow-debugger.
18:08:43 INFO - [Thread-5       ] DebugInterceptor     - <-- remove
18:08:43 INFO - [Thread-8       ] Security             - Partition: workflow-debugger, Domain: workflow-debugger.
18:08:43 INFO - [Thread-8       ] DebugInterceptor     - <-- execute
18:08:43 INFO - [Thread-8       ] ManagedRunner        - Termination of Java thread Thread[Thread-8,5,Infinity Helper Thread].
18:08:43 INFO - [Thread-4       ] Security             - Partition: workflow-debugger, Domain: workflow-debugger.
18:08:43 INFO - [Thread-4       ] DebugInterceptor     - <-- execute
18:08:43 INFO - [Thread-7       ] Security             - Partition: workflow-debugger, Domain: workflow-debugger.
18:08:43 INFO - [Thread-7       ] DebugInterceptor     - <-- execute
18:08:43 INFO - [Thread-7       ] ManagedRunner        - Termination of Java thread Thread[Thread-7,5,Infinity Helper Thread].
18:08:43 INFO - [Thread-4       ] AuditTrailLogger     - Logged in. (User: workflow-debugger (Realm: workflow-debugger) (workflow-debugger, workflow-debugger))
18:08:43 INFO - [Thread-4       ] Security             - Partition: workflow-debugger, Domain: workflow-debugger.
18:08:43 INFO - [Thread-4       ] DebugInterceptor     - <-- login
18:08:43 INFO - [Thread-4       ] DebugInterceptor     - --> getInDataValues
18:08:43 INFO - [Thread-4       ] Security             - Partition: workflow-debugger, Domain: workflow-debugger.
18:08:43 INFO - [Thread-4       ] DebugInterceptor     - <-- getInDataValues
18:08:43 INFO - [Thread-4       ] DebugInterceptor     - --> remove
18:08:43 INFO - [Thread-4       ] Security             - Partition: workflow-debugger, Domain: workflow-debugger.
18:08:43 INFO - [Thread-4       ] DebugInterceptor     - <-- remove
18:08:53 INFO - [Thread-5       ] DebugInterceptor     - --> login
18:08:53 INFO - [Thread-5       ] DebugInterceptor     - --> execute
18:08:53 INFO - [Thread-5       ] Security             - Partition: workflow-debugger, Domain: workflow-debugger.
18:08:53 INFO - [Thread-5       ] DebugInterceptor     - <-- execute
18:08:53 INFO - [Thread-9       ] Parameters           - CARNOT version: 3.0.1.20150916-0729
18:08:53 INFO - [Thread-5       ] AuditTrailLogger     - Logged in. (User: workflow-debugger (Realm: workflow-debugger) (workflow-debugger, workflow-debugger))
18:08:53 INFO - [Thread-9       ] DebugInterceptor     - --> execute
18:08:53 INFO - [Thread-5       ] Security             - Partition: workflow-debugger, Domain: workflow-debugger.
18:08:53 INFO - [Thread-5       ] DebugInterceptor     - <-- login
18:08:53 INFO - [Thread-9       ] Security             - Partition: workflow-debugger, Domain: workflow-debugger.
18:08:53 INFO - [Thread-9       ] DebugInterceptor     - <-- execute
18:08:53 INFO - [Thread-9       ] ManagedRunner        - Termination of Java thread Thread[Thread-9,5,Infinity Helper Thread].
18:08:53 WARN - [Thread-5       ] ApplicationException - Failed computing details object: null
java.lang.NullPointerException
	at org.eclipse.stardust.engine.core.runtime.beans.DetailsFactory.create(DetailsFactory.java:552)
	at org.eclipse.stardust.engine.api.dto.ActivityInstanceDetails.<init>(ActivityInstanceDetails.java:279)
	at org.eclipse.stardust.modeling.debug.engine.ManagedRunner.communicateWithSuspendedActivityInstance(ManagedRunner.java:186)
	at org.eclipse.stardust.modeling.debug.engine.ManagedRunner.run(ManagedRunner.java:136)
	at java.lang.Thread.run(Unknown Source)
18:08:53 INFO - [Thread-5       ] DebugInterceptor     - --> remove
18:08:53 INFO - [Thread-5       ] Security             - Partition: workflow-debugger, Domain: workflow-debugger.
18:08:53 INFO - [Thread-5       ] DebugInterceptor     - <-- remove
18:08:53 WARN - [Thread-5       ] ManagedRunner        - There has been a problem with the debugging. Please make sure your process model is saved and restart the debugger.
org.eclipse.stardust.common.error.InternalException: Failed computing details object: null: java.lang.NullPointerException
	at org.eclipse.stardust.engine.core.runtime.beans.DetailsFactory.create(DetailsFactory.java:556)
	at org.eclipse.stardust.engine.api.dto.ActivityInstanceDetails.<init>(ActivityInstanceDetails.java:279)
	at org.eclipse.stardust.modeling.debug.engine.ManagedRunner.communicateWithSuspendedActivityInstance(ManagedRunner.java:186)
	at org.eclipse.stardust.modeling.debug.engine.ManagedRunner.run(ManagedRunner.java:136)
	at java.lang.Thread.run(Unknown Source)
Caused by: java.lang.NullPointerException
	at org.eclipse.stardust.engine.core.runtime.beans.DetailsFactory.create(DetailsFactory.java:552)
	... 4 more
18:08:53 INFO - [Thread-5       ] ManagedRunner        - Termination of Java thread Thread[Thread-5,5,Infinity Activity Thread].
18:09:00 INFO - [Thread-4       ] DebugInterceptor     - --> login
18:09:00 INFO - [Thread-4       ] DebugInterceptor     - --> execute
18:09:00 INFO - [Thread-4       ] Security             - Partition: workflow-debugger, Domain: workflow-debugger.
18:09:00 INFO - [Thread-4       ] DebugInterceptor     - <-- execute
18:09:00 INFO - [Thread-4       ] AuditTrailLogger     - Logged in. (User: workflow-debugger (Realm: workflow-debugger) (workflow-debugger, workflow-debugger))
18:09:00 INFO - [Thread-4       ] Security             - Partition: workflow-debugger, Domain: workflow-debugger.
18:09:00 INFO - [Thread-4       ] DebugInterceptor     - <-- login
18:09:00 WARN - [Thread-4       ] ApplicationException - Failed computing details object: null
java.lang.NullPointerException
	at org.eclipse.stardust.engine.core.runtime.beans.DetailsFactory.create(DetailsFactory.java:552)
	at org.eclipse.stardust.engine.api.dto.ActivityInstanceDetails.<init>(ActivityInstanceDetails.java:279)
	at org.eclipse.stardust.modeling.debug.engine.ManagedRunner.communicateWithSuspendedActivityInstance(ManagedRunner.java:186)
	at org.eclipse.stardust.modeling.debug.engine.ManagedRunner.run(ManagedRunner.java:136)
	at java.lang.Thread.run(Unknown Source)
18:09:00 INFO - [Thread-4       ] DebugInterceptor     - --> remove
18:09:00 INFO - [Thread-4       ] Security             - Partition: workflow-debugger, Domain: workflow-debugger.
18:09:00 INFO - [Thread-4       ] DebugInterceptor     - <-- remove
18:09:00 WARN - [Thread-4       ] ManagedRunner        - There has been a problem with the debugging. Please make sure your process model is saved and restart the debugger.
org.eclipse.stardust.common.error.InternalException: Failed computing details object: null: java.lang.NullPointerException
	at org.eclipse.stardust.engine.core.runtime.beans.DetailsFactory.create(DetailsFactory.java:556)
	at org.eclipse.stardust.engine.api.dto.ActivityInstanceDetails.<init>(ActivityInstanceDetails.java:279)
	at org.eclipse.stardust.modeling.debug.engine.ManagedRunner.communicateWithSuspendedActivityInstance(ManagedRunner.java:186)
	at org.eclipse.stardust.modeling.debug.engine.ManagedRunner.run(ManagedRunner.java:136)
	at java.lang.Thread.run(Unknown Source)
Caused by: java.lang.NullPointerException
	at org.eclipse.stardust.engine.core.runtime.beans.DetailsFactory.create(DetailsFactory.java:552)
	... 4 more
18:09:00 INFO - [Thread-4       ] ManagedRunner        - Termination of Java thread Thread[Thread-4,5,Infinity Activity Thread].
18:09:04 INFO - [Thread-1       ] DebugInterceptor     - --> execute
18:09:04 INFO - [Thread-1       ] ActivityInstanceBean - State change for Activity instance 'SealManually',  oid: 19 (process instance = 11) (model oid = 1, version = 1, revision = 0): Suspended-->Application.
18:09:04 INFO - [Thread-1       ] ActivityInstanceBean - State change for Activity instance 'SealManually',  oid: 19 (process instance = 11) (model oid = 1, version = 1, revision = 0): Application-->Completed.
18:09:04 INFO - [Thread-1       ] ActivityInstanceBean - Remove from worklists: Activity instance 'SealManually',  oid: 19 (process instance = 11) (model oid = 1, version = 1, revision = 0)
18:09:04 INFO - [Thread-1       ] DebugInterceptor     - --> login
18:09:04 INFO - [Thread-1       ] DebugInterceptor     - --> execute
18:09:04 INFO - [Thread-1       ] Security             - Partition: workflow-debugger, Domain: workflow-debugger.
18:09:04 INFO - [Thread-1       ] DebugInterceptor     - <-- execute
18:09:04 INFO - [Thread-1       ] AuditTrailLogger     - Logged in. (User: workflow-debugger (Realm: workflow-debugger) (workflow-debugger, workflow-debugger))
18:09:04 INFO - [Thread-1       ] Security             - Partition: workflow-debugger, Domain: workflow-debugger.
18:09:04 INFO - [Thread-1       ] DebugInterceptor     - <-- login
18:09:04 INFO - [Thread-1       ] DebugInterceptor     - --> getInDataValues
18:09:04 INFO - [Thread-1       ] Security             - Partition: workflow-debugger, Domain: workflow-debugger.
18:09:04 INFO - [Thread-1       ] DebugInterceptor     - <-- getInDataValues
18:09:04 INFO - [Thread-1       ] DebugInterceptor     - --> remove
18:09:04 INFO - [Thread-1       ] Security             - Partition: workflow-debugger, Domain: workflow-debugger.
18:09:04 INFO - [Thread-1       ] DebugInterceptor     - <-- remove
18:09:05 INFO - [Thread-1       ] Security             - Partition: workflow-debugger, Domain: workflow-debugger.
18:09:05 INFO - [Thread-10      ] Parameters           - CARNOT version: 3.0.1.20150916-0729
18:09:05 INFO - [Thread-1       ] DebugInterceptor     - <-- execute
18:09:05 INFO - [Thread-10      ] DebugInterceptor     - --> execute
18:09:05 INFO - [Thread-1       ] ManagedRunner        - Termination of Java thread Thread[Thread-1,5,Infinity Activity Thread].
18:09:05 INFO - [Thread-11      ] Parameters           - CARNOT version: 3.0.1.20150916-0729
18:09:05 INFO - [Thread-11      ] DebugInterceptor     - --> execute
18:09:05 INFO - [Thread-11      ] Security             - Partition: workflow-debugger, Domain: workflow-debugger.
18:09:05 INFO - [Thread-11      ] DebugInterceptor     - <-- execute
18:09:05 INFO - [Thread-11      ] ManagedRunner        - Termination of Java thread Thread[Thread-11,5,Infinity Helper Thread].
18:09:05 INFO - [Thread-10      ] Security             - Partition: workflow-debugger, Domain: workflow-debugger.
18:09:05 INFO - [Thread-10      ] DebugInterceptor     - <-- execute
18:09:05 INFO - [Thread-10      ] ManagedRunner        - Termination of Java thread Thread[Thread-10,5,Infinity Activity Thread].
18:17:48 INFO - [main           ] Parameters           - CARNOT version: 3.0.1.20150916-0729
18:17:48 INFO - [main           ] GlobalParameters     - Loading properties via provider factory org.eclipse.stardust.common.config.DefaultPropertiesProvider$Factory (priority 1).
18:17:48 INFO - [main           ] ltPropertiesProvider - Property bundle carnot.properties bootstrapped from classloader sun.misc.Launcher$AppClassLoader@6c811e18:
18:17:48 INFO - [main           ] ltPropertiesProvider -   JNDI.InitialContextFactory = 
18:17:48 INFO - [main           ] ltPropertiesProvider -   Web.ServiceFactory = ag.carnot.workflow.runtime.beans.POJOServiceFactory
18:17:48 INFO - [main           ] ltPropertiesProvider -   Security.DefaultPartition = workflow-debugger
18:17:48 INFO - [main           ] ltPropertiesProvider -   Logging.MaxFileSize = 4194304
18:17:48 INFO - [main           ] ltPropertiesProvider -   Secure.Session.Factory = 
18:17:48 INFO - [main           ] ltPropertiesProvider -   QueryService.Guarded = false
18:17:48 INFO - [main           ] ltPropertiesProvider -   Security.Authentication.ConfigurationName = 
18:17:48 INFO - [main           ] ltPropertiesProvider -   Security.DefaultDomain = workflow-debugger
18:17:48 INFO - [main           ] ltPropertiesProvider -   Credential.Provider = 
18:17:48 INFO - [main           ] ltPropertiesProvider -   Logging.Format = %d{yyyy-MM-dd HH:mm:ss,SSS} %-5p [%t] (%x) %c{2} - %m%n
18:17:48 INFO - [main           ] ltPropertiesProvider -   Logging.Directory = ./log
18:17:48 INFO - [main           ] ltPropertiesProvider -   Mail.Host = your-mail-host
18:17:48 INFO - [main           ] ltPropertiesProvider -   Client.ServiceFactory = ag.carnot.workflow.runtime.beans.POJOServiceFactory
18:17:48 INFO - [main           ] ltPropertiesProvider -   Logging.Filters = 
18:17:48 INFO - [main           ] ltPropertiesProvider -   Security.DefaultRealm = workflow-debugger
18:17:48 INFO - [main           ] ltPropertiesProvider -   Mail.Sender = your-mail-address
18:17:48 INFO - [main           ] ltPropertiesProvider -   Logging.LogLevel = INFO
18:17:48 INFO - [main           ] ltPropertiesProvider -   GUI.WorklistRotation = true
18:17:48 INFO - [main           ] ltPropertiesProvider -   GUI.WorklistRetrievalInterval = 20
18:17:48 INFO - [main           ] GlobalParameters     - Loading properties via provider factory org.eclipse.stardust.engine.spring.web.SpringAppContextPropertiesProviderFactory (priority 4).
18:17:52 INFO - [main           ] extensions           - Initializing static extensions resolver
18:17:52 INFO - [main           ] extensions           - Initializing Service Provider extensions resolver
18:17:52 INFO - [main           ] extensions           - Using extensions manager: org.eclipse.stardust.engine.core.runtime.beans.PartitionAwareExtensionsManager@38942215
18:17:53 INFO - [main           ] extensions           - Initializing static extensions resolver
18:17:53 INFO - [main           ] extensions           - Initializing Service Provider extensions resolver
18:17:54 INFO - [main           ] AuditTrailLogger     - Granting Role: Administrator to User: workflow-debugger (Realm: workflow-debugger) (workflow-debugger, workflow-debugger). (null)
18:17:54 INFO - [main           ] AuditTrailLogger     - Granting Role: Manager to User: workflow-debugger (Realm: workflow-debugger) (workflow-debugger, workflow-debugger). (null)
18:17:54 INFO - [main           ] Debugger             - Spring RT support is not available.
18:17:54 INFO - [essInstantiator] Parameters           - CARNOT version: 3.0.1.20150916-0729
18:17:54 INFO - [essInstantiator] DebugInterceptor     - --> login
18:17:54 INFO - [essInstantiator] DebugInterceptor     - --> execute
18:17:55 INFO - [essInstantiator] Security             - Partition: workflow-debugger, Domain: workflow-debugger.
18:17:55 INFO - [essInstantiator] DebugInterceptor     - <-- execute
18:17:55 INFO - [essInstantiator] AuditTrailLogger     - Logged in. (User: workflow-debugger (Realm: workflow-debugger) (workflow-debugger, workflow-debugger))
18:17:55 INFO - [essInstantiator] Security             - Partition: workflow-debugger, Domain: workflow-debugger.
18:17:55 INFO - [essInstantiator] DebugInterceptor     - <-- login
18:17:55 INFO - [essInstantiator] DebugInterceptor     - --> startProcess
18:17:55 INFO - [essInstantiator] ProcessInstanceBean  - Setting starting user to '4'  for process instance 11.
18:17:55 INFO - [essInstantiator] ProcessInstanceBean  - State change for Process instance = 11 (Process Definition: ProcessSemiAutoNoMain) (model oid = 1, version = 1, revision = 0): Created-->Active.
18:17:55 INFO - [essInstantiator] WorkflowServiceImpl  - Starting process 'ProcessSemiAutoNoMain', oid = 11, synchronous = false
18:17:55 INFO - [essInstantiator] Security             - Partition: workflow-debugger, Domain: workflow-debugger.
18:17:55 INFO - [Thread-1       ] Parameters           - CARNOT version: 3.0.1.20150916-0729
18:17:55 INFO - [essInstantiator] DebugInterceptor     - <-- startProcess
18:17:55 INFO - [Thread-1       ] DebugInterceptor     - --> execute
18:17:55 INFO - [essInstantiator] DebugInterceptor     - --> remove
18:17:55 INFO - [essInstantiator] Security             - Partition: workflow-debugger, Domain: workflow-debugger.
18:17:55 INFO - [essInstantiator] DebugInterceptor     - <-- remove
18:17:56 INFO - [Thread-1       ] ActivityInstanceBean - State change for Activity instance 'PackBlanket',  oid: 13 (process instance = 11) (model oid = 1, version = 1, revision = 0): Created-->Created.
18:17:56 INFO - [Thread-1       ] DebugInterceptor     - --> login
18:17:56 INFO - [Thread-1       ] DebugInterceptor     - --> execute
18:17:56 INFO - [Thread-1       ] Security             - Partition: workflow-debugger, Domain: workflow-debugger.
18:17:56 INFO - [Thread-1       ] DebugInterceptor     - <-- execute
18:17:56 INFO - [Thread-1       ] AuditTrailLogger     - Logged in. (User: workflow-debugger (Realm: workflow-debugger) (workflow-debugger, workflow-debugger))
18:17:56 INFO - [Thread-1       ] Security             - Partition: workflow-debugger, Domain: workflow-debugger.
18:17:56 INFO - [Thread-1       ] DebugInterceptor     - <-- login
18:17:56 INFO - [Thread-1       ] DebugInterceptor     - --> getInDataValues
18:17:56 INFO - [Thread-1       ] Security             - Partition: workflow-debugger, Domain: workflow-debugger.
18:17:56 INFO - [Thread-1       ] DebugInterceptor     - <-- getInDataValues
18:17:56 INFO - [Thread-1       ] DebugInterceptor     - --> remove
18:17:56 INFO - [Thread-1       ] Security             - Partition: workflow-debugger, Domain: workflow-debugger.
18:17:56 INFO - [Thread-1       ] DebugInterceptor     - <-- remove
18:17:56 INFO - [Thread-1       ] ActivityInstanceBean - Performer of Activity instance 'PackBlanket',  oid: 13 (process instance = 11) (model oid = 1, version = 1, revision = 0) set to Role: Administrator.
18:17:56 INFO - [Thread-1       ] DebugInterceptor     - --> login
18:17:56 INFO - [Thread-1       ] DebugInterceptor     - --> execute
18:17:56 INFO - [Thread-1       ] Security             - Partition: workflow-debugger, Domain: workflow-debugger.
18:17:56 INFO - [Thread-1       ] DebugInterceptor     - <-- execute
18:17:56 INFO - [Thread-1       ] AuditTrailLogger     - Logged in. (User: workflow-debugger (Realm: workflow-debugger) (workflow-debugger, workflow-debugger))
18:17:56 INFO - [Thread-1       ] Security             - Partition: workflow-debugger, Domain: workflow-debugger.
18:17:56 INFO - [Thread-1       ] DebugInterceptor     - <-- login
18:17:56 INFO - [Thread-1       ] DebugInterceptor     - --> getInDataValues
18:17:56 INFO - [Thread-1       ] Security             - Partition: workflow-debugger, Domain: workflow-debugger.
18:17:56 INFO - [Thread-1       ] DebugInterceptor     - <-- getInDataValues
18:17:56 INFO - [Thread-1       ] DebugInterceptor     - --> remove
18:17:56 INFO - [Thread-1       ] Security             - Partition: workflow-debugger, Domain: workflow-debugger.
18:17:56 INFO - [Thread-1       ] DebugInterceptor     - <-- remove
18:17:56 INFO - [Thread-1       ] ActivityInstanceBean - State change for Activity instance 'PackBlanket',  oid: 13 (process instance = 11) (model oid = 1, version = 1, revision = 0): Created-->Suspended.
18:17:56 INFO - [Thread-1       ] Security             - Partition: workflow-debugger, Domain: workflow-debugger.
18:17:56 INFO - [Thread-1       ] DebugInterceptor     - <-- execute
18:17:56 INFO - [Thread-1       ] ManagedRunner        - About to enter communication method in thread Thread[Thread-1,5,Infinity Activity Thread] for Activity instance 'PackBlanket',  oid: 13 (process instance = 11) (model oid = 1, version = 1, revision = 0).
18:17:56 INFO - [Thread-1       ] DebugInterceptor     - --> login
18:17:56 INFO - [Thread-1       ] DebugInterceptor     - --> execute
18:17:56 INFO - [Thread-1       ] Security             - Partition: workflow-debugger, Domain: workflow-debugger.
18:17:56 INFO - [Thread-1       ] DebugInterceptor     - <-- execute
18:17:56 INFO - [Thread-1       ] AuditTrailLogger     - Logged in. (User: workflow-debugger (Realm: workflow-debugger) (workflow-debugger, workflow-debugger))
18:17:56 INFO - [Thread-1       ] Security             - Partition: workflow-debugger, Domain: workflow-debugger.
18:17:56 INFO - [Thread-1       ] DebugInterceptor     - <-- login
18:17:56 INFO - [Thread-1       ] DebugInterceptor     - --> getInDataValues
18:17:56 INFO - [Thread-1       ] Security             - Partition: workflow-debugger, Domain: workflow-debugger.
18:17:56 INFO - [Thread-1       ] DebugInterceptor     - <-- getInDataValues
18:17:56 INFO - [Thread-1       ] DebugInterceptor     - --> remove
18:17:56 INFO - [Thread-1       ] Security             - Partition: workflow-debugger, Domain: workflow-debugger.
18:17:56 INFO - [Thread-1       ] DebugInterceptor     - <-- remove
18:18:05 INFO - [Thread-1       ] DebugInterceptor     - --> execute
18:18:05 INFO - [Thread-1       ] ActivityInstanceBean - State change for Activity instance 'PackBlanket',  oid: 13 (process instance = 11) (model oid = 1, version = 1, revision = 0): Suspended-->Application.
18:18:05 INFO - [Thread-1       ] ActivityInstanceBean - State change for Activity instance 'PackBlanket',  oid: 13 (process instance = 11) (model oid = 1, version = 1, revision = 0): Application-->Completed.
18:18:05 INFO - [Thread-1       ] ActivityInstanceBean - Remove from worklists: Activity instance 'PackBlanket',  oid: 13 (process instance = 11) (model oid = 1, version = 1, revision = 0)
18:18:05 INFO - [Thread-1       ] DebugInterceptor     - --> login
18:18:05 INFO - [Thread-1       ] DebugInterceptor     - --> execute
18:18:05 INFO - [Thread-1       ] Security             - Partition: workflow-debugger, Domain: workflow-debugger.
18:18:05 INFO - [Thread-1       ] DebugInterceptor     - <-- execute
18:18:05 INFO - [Thread-1       ] AuditTrailLogger     - Logged in. (User: workflow-debugger (Realm: workflow-debugger) (workflow-debugger, workflow-debugger))
18:18:05 INFO - [Thread-1       ] Security             - Partition: workflow-debugger, Domain: workflow-debugger.
18:18:05 INFO - [Thread-1       ] DebugInterceptor     - <-- login
18:18:05 INFO - [Thread-1       ] DebugInterceptor     - --> getInDataValues
18:18:05 INFO - [Thread-1       ] Security             - Partition: workflow-debugger, Domain: workflow-debugger.
18:18:05 INFO - [Thread-1       ] DebugInterceptor     - <-- getInDataValues
18:18:05 INFO - [Thread-1       ] DebugInterceptor     - --> remove
18:18:05 INFO - [Thread-1       ] Security             - Partition: workflow-debugger, Domain: workflow-debugger.
18:18:05 INFO - [Thread-1       ] DebugInterceptor     - <-- remove
18:18:05 INFO - [Thread-1       ] ActivityInstanceBean - State change for Activity instance 'SealManually',  oid: 19 (process instance = 11) (model oid = 1, version = 1, revision = 0): Created-->Created.
18:18:05 INFO - [Thread-1       ] DebugInterceptor     - --> login
18:18:05 INFO - [Thread-1       ] DebugInterceptor     - --> execute
18:18:05 INFO - [Thread-1       ] Security             - Partition: workflow-debugger, Domain: workflow-debugger.
18:18:05 INFO - [Thread-1       ] DebugInterceptor     - <-- execute
18:18:05 INFO - [Thread-1       ] AuditTrailLogger     - Logged in. (User: workflow-debugger (Realm: workflow-debugger) (workflow-debugger, workflow-debugger))
18:18:05 INFO - [Thread-1       ] Security             - Partition: workflow-debugger, Domain: workflow-debugger.
18:18:05 INFO - [Thread-1       ] DebugInterceptor     - <-- login
18:18:05 INFO - [Thread-1       ] DebugInterceptor     - --> getInDataValues
18:18:05 INFO - [Thread-1       ] Security             - Partition: workflow-debugger, Domain: workflow-debugger.
18:18:05 INFO - [Thread-3       ] Parameters           - CARNOT version: 3.0.1.20150916-0729
18:18:05 INFO - [Thread-1       ] DebugInterceptor     - <-- getInDataValues
18:18:05 INFO - [Thread-3       ] DebugInterceptor     - --> execute
18:18:05 INFO - [Thread-1       ] DebugInterceptor     - --> remove
18:18:05 INFO - [Thread-1       ] Security             - Partition: workflow-debugger, Domain: workflow-debugger.
18:18:05 INFO - [Thread-1       ] DebugInterceptor     - <-- remove
18:18:05 INFO - [Thread-3       ] Security             - Partition: workflow-debugger, Domain: workflow-debugger.
18:18:05 INFO - [Thread-3       ] DebugInterceptor     - <-- execute
18:18:05 INFO - [Thread-3       ] ManagedRunner        - Termination of Java thread Thread[Thread-3,5,Infinity Helper Thread].
18:18:05 INFO - [Thread-1       ] ActivityInstanceBean - Performer of Activity instance 'SealManually',  oid: 19 (process instance = 11) (model oid = 1, version = 1, revision = 0) set to Role: Manager.
18:18:05 INFO - [Thread-1       ] DebugInterceptor     - --> login
18:18:05 INFO - [Thread-1       ] DebugInterceptor     - --> execute
18:18:05 INFO - [Thread-1       ] Security             - Partition: workflow-debugger, Domain: workflow-debugger.
18:18:05 INFO - [Thread-1       ] DebugInterceptor     - <-- execute
18:18:05 INFO - [Thread-1       ] AuditTrailLogger     - Logged in. (User: workflow-debugger (Realm: workflow-debugger) (workflow-debugger, workflow-debugger))
18:18:05 INFO - [Thread-1       ] Security             - Partition: workflow-debugger, Domain: workflow-debugger.
18:18:05 INFO - [Thread-1       ] DebugInterceptor     - <-- login
18:18:05 INFO - [Thread-1       ] DebugInterceptor     - --> getInDataValues
18:18:05 INFO - [Thread-1       ] Security             - Partition: workflow-debugger, Domain: workflow-debugger.
18:18:05 INFO - [Thread-1       ] DebugInterceptor     - <-- getInDataValues
18:18:05 INFO - [Thread-1       ] DebugInterceptor     - --> remove
18:18:05 INFO - [Thread-1       ] Security             - Partition: workflow-debugger, Domain: workflow-debugger.
18:18:05 INFO - [Thread-1       ] DebugInterceptor     - <-- remove
18:18:05 INFO - [Thread-1       ] ActivityInstanceBean - State change for Activity instance 'SealManually',  oid: 19 (process instance = 11) (model oid = 1, version = 1, revision = 0): Created-->Suspended.
18:18:05 INFO - [Thread-1       ] Security             - Partition: workflow-debugger, Domain: workflow-debugger.
18:18:05 INFO - [Thread-1       ] DebugInterceptor     - <-- execute
18:18:05 INFO - [Thread-5       ] Parameters           - CARNOT version: 3.0.1.20150916-0729
18:18:05 INFO - [Thread-1       ] ManagedRunner        - About to enter communication method in thread Thread[Thread-1,5,Infinity Activity Thread] for Activity instance 'SealManually',  oid: 19 (process instance = 11) (model oid = 1, version = 1, revision = 0).
18:18:05 INFO - [Thread-5       ] DebugInterceptor     - --> execute
18:18:05 INFO - [Thread-1       ] DebugInterceptor     - --> login
18:18:05 INFO - [Thread-4       ] Parameters           - CARNOT version: 3.0.1.20150916-0729
18:18:05 INFO - [Thread-4       ] DebugInterceptor     - --> execute
18:18:05 INFO - [Thread-1       ] DebugInterceptor     - --> execute
18:18:05 INFO - [Thread-1       ] Security             - Partition: workflow-debugger, Domain: workflow-debugger.
18:18:05 INFO - [Thread-1       ] DebugInterceptor     - <-- execute
18:18:05 INFO - [Thread-1       ] AuditTrailLogger     - Logged in. (User: workflow-debugger (Realm: workflow-debugger) (workflow-debugger, workflow-debugger))
18:18:05 INFO - [Thread-1       ] Security             - Partition: workflow-debugger, Domain: workflow-debugger.
18:18:05 INFO - [Thread-1       ] DebugInterceptor     - <-- login
18:18:05 INFO - [Thread-1       ] DebugInterceptor     - --> getInDataValues
18:18:05 INFO - [Thread-1       ] Security             - Partition: workflow-debugger, Domain: workflow-debugger.
18:18:05 INFO - [Thread-1       ] DebugInterceptor     - <-- getInDataValues
18:18:05 INFO - [Thread-1       ] DebugInterceptor     - --> remove
18:18:05 INFO - [Thread-1       ] Security             - Partition: workflow-debugger, Domain: workflow-debugger.
18:18:05 INFO - [Thread-1       ] DebugInterceptor     - <-- remove
18:18:05 INFO - [Thread-5       ] ActivityInstanceBean - State change for Activity instance 'SealPacketByMachine',  oid: 26 (process instance = 11) (model oid = 1, version = 1, revision = 0): Created-->Created.
18:18:05 INFO - [Thread-4       ] ActivityInstanceBean - State change for Activity instance 'MaintainMachine',  oid: 27 (process instance = 11) (model oid = 1, version = 1, revision = 0): Created-->Created.
18:18:05 INFO - [Thread-4       ] DebugInterceptor     - --> login
18:18:05 INFO - [Thread-5       ] DebugInterceptor     - --> login
18:18:05 INFO - [Thread-5       ] DebugInterceptor     - --> execute
18:18:05 INFO - [Thread-4       ] DebugInterceptor     - --> execute
18:18:05 INFO - [Thread-4       ] Security             - Partition: workflow-debugger, Domain: workflow-debugger.
18:18:05 INFO - [Thread-5       ] Security             - Partition: workflow-debugger, Domain: workflow-debugger.
18:18:05 INFO - [Thread-5       ] DebugInterceptor     - <-- execute
18:18:05 INFO - [Thread-4       ] DebugInterceptor     - <-- execute
18:18:05 INFO - [Thread-4       ] AuditTrailLogger     - Logged in. (User: workflow-debugger (Realm: workflow-debugger) (workflow-debugger, workflow-debugger))
18:18:05 INFO - [Thread-5       ] AuditTrailLogger     - Logged in. (User: workflow-debugger (Realm: workflow-debugger) (workflow-debugger, workflow-debugger))
18:18:05 INFO - [Thread-4       ] Security             - Partition: workflow-debugger, Domain: workflow-debugger.
18:18:05 INFO - [Thread-5       ] Security             - Partition: workflow-debugger, Domain: workflow-debugger.
18:18:05 INFO - [Thread-4       ] DebugInterceptor     - <-- login
18:18:05 INFO - [Thread-5       ] DebugInterceptor     - <-- login
18:18:05 INFO - [Thread-4       ] DebugInterceptor     - --> getInDataValues
18:18:05 INFO - [Thread-5       ] DebugInterceptor     - --> getInDataValues
18:18:05 INFO - [Thread-5       ] Security             - Partition: workflow-debugger, Domain: workflow-debugger.
18:18:05 INFO - [Thread-5       ] DebugInterceptor     - <-- getInDataValues
18:18:05 INFO - [Thread-5       ] DebugInterceptor     - --> remove
18:18:05 INFO - [Thread-5       ] Security             - Partition: workflow-debugger, Domain: workflow-debugger.
18:18:05 INFO - [Thread-4       ] Security             - Partition: workflow-debugger, Domain: workflow-debugger.
18:18:05 INFO - [Thread-5       ] DebugInterceptor     - <-- remove
18:18:05 INFO - [Thread-4       ] DebugInterceptor     - <-- getInDataValues
18:18:05 INFO - [Thread-4       ] DebugInterceptor     - --> remove
18:18:05 INFO - [Thread-4       ] Security             - Partition: workflow-debugger, Domain: workflow-debugger.
18:18:05 INFO - [Thread-4       ] DebugInterceptor     - <-- remove
18:18:05 INFO - [Thread-5       ] ActivityInstanceBean - State change for Activity instance 'SealPacketByMachine',  oid: 26 (process instance = 11) (model oid = 1, version = 1, revision = 0): Created-->Application.
18:18:05 INFO - [Thread-4       ] ActivityInstanceBean - State change for Activity instance 'MaintainMachine',  oid: 27 (process instance = 11) (model oid = 1, version = 1, revision = 0): Created-->Application.
18:18:11 INFO - [Thread-1       ] DebugInterceptor     - --> execute
18:18:11 INFO - [Thread-1       ] ActivityInstanceBean - State change for Activity instance 'SealManually',  oid: 19 (process instance = 11) (model oid = 1, version = 1, revision = 0): Suspended-->Application.
18:18:11 INFO - [Thread-1       ] ActivityInstanceBean - State change for Activity instance 'SealManually',  oid: 19 (process instance = 11) (model oid = 1, version = 1, revision = 0): Application-->Completed.
18:18:11 INFO - [Thread-1       ] ActivityInstanceBean - Remove from worklists: Activity instance 'SealManually',  oid: 19 (process instance = 11) (model oid = 1, version = 1, revision = 0)
18:18:11 INFO - [Thread-1       ] DebugInterceptor     - --> login
18:18:11 INFO - [Thread-1       ] DebugInterceptor     - --> execute
18:18:11 INFO - [Thread-1       ] Security             - Partition: workflow-debugger, Domain: workflow-debugger.
18:18:11 INFO - [Thread-1       ] DebugInterceptor     - <-- execute
18:18:11 INFO - [Thread-1       ] AuditTrailLogger     - Logged in. (User: workflow-debugger (Realm: workflow-debugger) (workflow-debugger, workflow-debugger))
18:18:11 INFO - [Thread-1       ] Security             - Partition: workflow-debugger, Domain: workflow-debugger.
18:18:11 INFO - [Thread-1       ] DebugInterceptor     - <-- login
18:18:11 INFO - [Thread-1       ] DebugInterceptor     - --> getInDataValues
18:18:11 INFO - [Thread-1       ] Security             - Partition: workflow-debugger, Domain: workflow-debugger.
18:18:11 INFO - [Thread-1       ] DebugInterceptor     - <-- getInDataValues
18:18:11 INFO - [Thread-1       ] DebugInterceptor     - --> remove
18:18:11 INFO - [Thread-1       ] Security             - Partition: workflow-debugger, Domain: workflow-debugger.
18:18:11 INFO - [Thread-1       ] DebugInterceptor     - <-- remove
18:18:12 INFO - [Thread-1       ] Security             - Partition: workflow-debugger, Domain: workflow-debugger.
18:18:12 INFO - [Thread-1       ] DebugInterceptor     - <-- execute
18:18:12 INFO - [Thread-1       ] ManagedRunner        - Termination of Java thread Thread[Thread-1,5,Infinity Activity Thread].
18:18:12 INFO - [Thread-7       ] Parameters           - CARNOT version: 3.0.1.20150916-0729
18:18:12 INFO - [Thread-7       ] DebugInterceptor     - --> execute
18:18:12 INFO - [Thread-7       ] Security             - Partition: workflow-debugger, Domain: workflow-debugger.
18:18:12 INFO - [Thread-7       ] DebugInterceptor     - <-- execute
18:18:12 INFO - [Thread-7       ] ManagedRunner        - Termination of Java thread Thread[Thread-7,5,Infinity Activity Thread].
18:18:13 WARN - [Thread-4       ] LogUtils             - 
javax.xml.ws.soap.SOAPFaultException: Part {http://ws.debasis.org/}parameters should be of type org.debasis.ws.jaxws.GetVersionResponse, not java.lang.String
	at org.apache.cxf.jaxws.DispatchImpl.mapException(DispatchImpl.java:287)
	at org.apache.cxf.jaxws.DispatchImpl.invoke(DispatchImpl.java:388)
	at org.apache.cxf.jaxws.DispatchImpl.invoke(DispatchImpl.java:243)
	at org.eclipse.stardust.engine.extensions.jaxws.app.WebserviceApplicationInstance.invoke(WebserviceApplicationInstance.java:275)
	at org.eclipse.stardust.engine.core.runtime.beans.ActivityInstanceBean.retrySynchronousApplication(ActivityInstanceBean.java:1613)
	at org.eclipse.stardust.engine.core.runtime.beans.ActivityInstanceBean.invokeApplication(ActivityInstanceBean.java:1539)
	at org.eclipse.stardust.engine.core.runtime.beans.ActivityInstanceBean.invokeApplication(ActivityInstanceBean.java:1355)
	at org.eclipse.stardust.engine.core.runtime.beans.ActivityInstanceBean.invoke(ActivityInstanceBean.java:1141)
	at org.eclipse.stardust.engine.core.runtime.beans.ActivityInstanceBean.doStartActivity(ActivityInstanceBean.java:1131)
	at org.eclipse.stardust.engine.core.runtime.beans.ActivityInstanceBean.start(ActivityInstanceBean.java:1092)
	at org.eclipse.stardust.engine.core.runtime.beans.ActivityThread.runCurrentActivity(ActivityThread.java:1123)
	at org.eclipse.stardust.engine.core.runtime.beans.ActivityThread.run(ActivityThread.java:365)
	at org.eclipse.stardust.engine.core.runtime.beans.ActivityThreadCarrier$ActivityThreadRunner.execute(ActivityThreadCarrier.java:207)
	at org.eclipse.stardust.engine.core.runtime.beans.SecurityContextAwareAction$SecurityContextBoundAction.execute(SecurityContextAwareAction.java:69)
	at org.eclipse.stardust.modeling.debug.engine.DebugForkingService$MyActionRunner.execute(DebugForkingService.java:110)
	at sun.reflect.NativeMethodAccessorImpl.invoke0(Native Method)
	at sun.reflect.NativeMethodAccessorImpl.invoke(Unknown Source)
	at sun.reflect.DelegatingMethodAccessorImpl.invoke(Unknown Source)
	at java.lang.reflect.Method.invoke(Unknown Source)
	at org.eclipse.stardust.engine.core.runtime.beans.interceptors.CallingInterceptor.invoke(CallingInterceptor.java:29)
	at org.eclipse.stardust.engine.core.runtime.interceptor.MethodInvocationImpl.proceed(MethodInvocationImpl.java:130)
	at org.eclipse.stardust.engine.core.runtime.beans.interceptors.POJOExceptionHandler.invoke(POJOExceptionHandler.java:30)
	at org.eclipse.stardust.engine.core.runtime.interceptor.MethodInvocationImpl.proceed(MethodInvocationImpl.java:130)
	at org.eclipse.stardust.modeling.debug.engine.DebugSessionInterceptor.invoke(DebugSessionInterceptor.java:57)
	at org.eclipse.stardust.engine.core.runtime.interceptor.MethodInvocationImpl.proceed(MethodInvocationImpl.java:130)
	at org.eclipse.stardust.modeling.debug.engine.DebugForkingInterceptor.invoke(DebugForkingInterceptor.java:52)
	at org.eclipse.stardust.engine.core.runtime.interceptor.MethodInvocationImpl.proceed(MethodInvocationImpl.java:130)
	at org.eclipse.stardust.engine.core.runtime.beans.interceptors.PropertyLayerProviderInterceptor.invoke(PropertyLayerProviderInterceptor.java:129)
	at org.eclipse.stardust.engine.core.runtime.interceptor.MethodInvocationImpl.proceed(MethodInvocationImpl.java:130)
	at org.eclipse.stardust.engine.core.runtime.beans.interceptors.DebugInterceptor.invoke(DebugInterceptor.java:56)
	at org.eclipse.stardust.engine.core.runtime.interceptor.MethodInvocationImpl.proceed(MethodInvocationImpl.java:130)
	at org.eclipse.stardust.engine.core.runtime.interceptor.MethodInvocationImpl.execute(MethodInvocationImpl.java:68)
	at org.eclipse.stardust.engine.core.runtime.beans.InvocationManager.invoke(InvocationManager.java:53)
	at com.sun.proxy.$Proxy2.execute(Unknown Source)
	at org.eclipse.stardust.modeling.debug.engine.DebugForkingService.isolate(DebugForkingService.java:52)
	at org.eclipse.stardust.modeling.debug.engine.ManagedRunner.run(ManagedRunner.java:107)
	at java.lang.Thread.run(Unknown Source)
Caused by: org.apache.cxf.binding.soap.SoapFault: Part {http://ws.debasis.org/}parameters should be of type org.debasis.ws.jaxws.GetVersionResponse, not java.lang.String
	at org.apache.cxf.binding.soap.interceptor.Soap11FaultInInterceptor.unmarshalFault(Soap11FaultInInterceptor.java:84)
	at org.apache.cxf.binding.soap.interceptor.Soap11FaultInInterceptor.handleMessage(Soap11FaultInInterceptor.java:51)
	at org.apache.cxf.binding.soap.interceptor.Soap11FaultInInterceptor.handleMessage(Soap11FaultInInterceptor.java:40)
	at org.apache.cxf.phase.PhaseInterceptorChain.doIntercept(PhaseInterceptorChain.java:272)
	at org.apache.cxf.interceptor.AbstractFaultChainInitiatorObserver.onMessage(AbstractFaultChainInitiatorObserver.java:113)
	at org.apache.cxf.binding.soap.interceptor.CheckFaultInterceptor.handleMessage(CheckFaultInterceptor.java:69)
	at org.apache.cxf.binding.soap.interceptor.CheckFaultInterceptor.handleMessage(CheckFaultInterceptor.java:34)
	at org.apache.cxf.phase.PhaseInterceptorChain.doIntercept(PhaseInterceptorChain.java:272)
	at org.apache.cxf.endpoint.ClientImpl.onMessage(ClientImpl.java:835)
	at org.apache.cxf.transport.http.HTTPConduit$WrappedOutputStream.handleResponseInternal(HTTPConduit.java:1614)
	at org.apache.cxf.transport.http.HTTPConduit$WrappedOutputStream.handleResponse(HTTPConduit.java:1504)
	at org.apache.cxf.transport.http.HTTPConduit$WrappedOutputStream.close(HTTPConduit.java:1310)
	at org.apache.cxf.transport.AbstractConduit.close(AbstractConduit.java:56)
	at org.apache.cxf.transport.http.HTTPConduit.close(HTTPConduit.java:628)
	at org.apache.cxf.interceptor.MessageSenderInterceptor$MessageSenderEndingInterceptor.handleMessage(MessageSenderInterceptor.java:62)
	at org.apache.cxf.phase.PhaseInterceptorChain.doIntercept(PhaseInterceptorChain.java:272)
	at org.apache.cxf.endpoint.ClientImpl.doInvoke(ClientImpl.java:565)
	at org.apache.cxf.endpoint.ClientImpl.invoke(ClientImpl.java:474)
	at org.apache.cxf.endpoint.ClientImpl.invoke(ClientImpl.java:377)
	at org.apache.cxf.endpoint.ClientImpl.invoke(ClientImpl.java:330)
	at org.apache.cxf.endpoint.ClientImpl.invokeWrapped(ClientImpl.java:365)
	at org.apache.cxf.jaxws.DispatchImpl.invoke(DispatchImpl.java:381)
	... 35 more
18:18:13 WARN - [Thread-5       ] LogUtils             - 
javax.xml.ws.soap.SOAPFaultException: Part {http://ws.debasis.org/}parameters should be of type org.debasis.ws.jaxws.GetVersionResponse, not java.lang.String
	at org.apache.cxf.jaxws.DispatchImpl.mapException(DispatchImpl.java:287)
	at org.apache.cxf.jaxws.DispatchImpl.invoke(DispatchImpl.java:388)
	at org.apache.cxf.jaxws.DispatchImpl.invoke(DispatchImpl.java:243)
	at org.eclipse.stardust.engine.extensions.jaxws.app.WebserviceApplicationInstance.invoke(WebserviceApplicationInstance.java:275)
	at org.eclipse.stardust.engine.core.runtime.beans.ActivityInstanceBean.retrySynchronousApplication(ActivityInstanceBean.java:1613)
	at org.eclipse.stardust.engine.core.runtime.beans.ActivityInstanceBean.invokeApplication(ActivityInstanceBean.java:1539)
	at org.eclipse.stardust.engine.core.runtime.beans.ActivityInstanceBean.invokeApplication(ActivityInstanceBean.java:1355)
	at org.eclipse.stardust.engine.core.runtime.beans.ActivityInstanceBean.invoke(ActivityInstanceBean.java:1141)
	at org.eclipse.stardust.engine.core.runtime.beans.ActivityInstanceBean.doStartActivity(ActivityInstanceBean.java:1131)
	at org.eclipse.stardust.engine.core.runtime.beans.ActivityInstanceBean.start(ActivityInstanceBean.java:1092)
	at org.eclipse.stardust.engine.core.runtime.beans.ActivityThread.runCurrentActivity(ActivityThread.java:1123)
	at org.eclipse.stardust.engine.core.runtime.beans.ActivityThread.run(ActivityThread.java:365)
	at org.eclipse.stardust.engine.core.runtime.beans.ActivityThreadCarrier$ActivityThreadRunner.execute(ActivityThreadCarrier.java:207)
	at org.eclipse.stardust.engine.core.runtime.beans.SecurityContextAwareAction$SecurityContextBoundAction.execute(SecurityContextAwareAction.java:69)
	at org.eclipse.stardust.modeling.debug.engine.DebugForkingService$MyActionRunner.execute(DebugForkingService.java:110)
	at sun.reflect.NativeMethodAccessorImpl.invoke0(Native Method)
	at sun.reflect.NativeMethodAccessorImpl.invoke(Unknown Source)
	at sun.reflect.DelegatingMethodAccessorImpl.invoke(Unknown Source)
	at java.lang.reflect.Method.invoke(Unknown Source)
	at org.eclipse.stardust.engine.core.runtime.beans.interceptors.CallingInterceptor.invoke(CallingInterceptor.java:29)
	at org.eclipse.stardust.engine.core.runtime.interceptor.MethodInvocationImpl.proceed(MethodInvocationImpl.java:130)
	at org.eclipse.stardust.engine.core.runtime.beans.interceptors.POJOExceptionHandler.invoke(POJOExceptionHandler.java:30)
	at org.eclipse.stardust.engine.core.runtime.interceptor.MethodInvocationImpl.proceed(MethodInvocationImpl.java:130)
	at org.eclipse.stardust.modeling.debug.engine.DebugSessionInterceptor.invoke(DebugSessionInterceptor.java:57)
	at org.eclipse.stardust.engine.core.runtime.interceptor.MethodInvocationImpl.proceed(MethodInvocationImpl.java:130)
	at org.eclipse.stardust.modeling.debug.engine.DebugForkingInterceptor.invoke(DebugForkingInterceptor.java:52)
	at org.eclipse.stardust.engine.core.runtime.interceptor.MethodInvocationImpl.proceed(MethodInvocationImpl.java:130)
	at org.eclipse.stardust.engine.core.runtime.beans.interceptors.PropertyLayerProviderInterceptor.invoke(PropertyLayerProviderInterceptor.java:129)
	at org.eclipse.stardust.engine.core.runtime.interceptor.MethodInvocationImpl.proceed(MethodInvocationImpl.java:130)
	at org.eclipse.stardust.engine.core.runtime.beans.interceptors.DebugInterceptor.invoke(DebugInterceptor.java:56)
	at org.eclipse.stardust.engine.core.runtime.interceptor.MethodInvocationImpl.proceed(MethodInvocationImpl.java:130)
	at org.eclipse.stardust.engine.core.runtime.interceptor.MethodInvocationImpl.execute(MethodInvocationImpl.java:68)
	at org.eclipse.stardust.engine.core.runtime.beans.InvocationManager.invoke(InvocationManager.java:53)
	at com.sun.proxy.$Proxy2.execute(Unknown Source)
	at org.eclipse.stardust.modeling.debug.engine.DebugForkingService.isolate(DebugForkingService.java:52)
	at org.eclipse.stardust.modeling.debug.engine.ManagedRunner.run(ManagedRunner.java:107)
	at java.lang.Thread.run(Unknown Source)
Caused by: org.apache.cxf.binding.soap.SoapFault: Part {http://ws.debasis.org/}parameters should be of type org.debasis.ws.jaxws.GetVersionResponse, not java.lang.String
	at org.apache.cxf.binding.soap.interceptor.Soap11FaultInInterceptor.unmarshalFault(Soap11FaultInInterceptor.java:84)
	at org.apache.cxf.binding.soap.interceptor.Soap11FaultInInterceptor.handleMessage(Soap11FaultInInterceptor.java:51)
	at org.apache.cxf.binding.soap.interceptor.Soap11FaultInInterceptor.handleMessage(Soap11FaultInInterceptor.java:40)
	at org.apache.cxf.phase.PhaseInterceptorChain.doIntercept(PhaseInterceptorChain.java:272)
	at org.apache.cxf.interceptor.AbstractFaultChainInitiatorObserver.onMessage(AbstractFaultChainInitiatorObserver.java:113)
	at org.apache.cxf.binding.soap.interceptor.CheckFaultInterceptor.handleMessage(CheckFaultInterceptor.java:69)
	at org.apache.cxf.binding.soap.interceptor.CheckFaultInterceptor.handleMessage(CheckFaultInterceptor.java:34)
	at org.apache.cxf.phase.PhaseInterceptorChain.doIntercept(PhaseInterceptorChain.java:272)
	at org.apache.cxf.endpoint.ClientImpl.onMessage(ClientImpl.java:835)
	at org.apache.cxf.transport.http.HTTPConduit$WrappedOutputStream.handleResponseInternal(HTTPConduit.java:1614)
	at org.apache.cxf.transport.http.HTTPConduit$WrappedOutputStream.handleResponse(HTTPConduit.java:1504)
	at org.apache.cxf.transport.http.HTTPConduit$WrappedOutputStream.close(HTTPConduit.java:1310)
	at org.apache.cxf.transport.AbstractConduit.close(AbstractConduit.java:56)
	at org.apache.cxf.transport.http.HTTPConduit.close(HTTPConduit.java:628)
	at org.apache.cxf.interceptor.MessageSenderInterceptor$MessageSenderEndingInterceptor.handleMessage(MessageSenderInterceptor.java:62)
	at org.apache.cxf.phase.PhaseInterceptorChain.doIntercept(PhaseInterceptorChain.java:272)
	at org.apache.cxf.endpoint.ClientImpl.doInvoke(ClientImpl.java:565)
	at org.apache.cxf.endpoint.ClientImpl.invoke(ClientImpl.java:474)
	at org.apache.cxf.endpoint.ClientImpl.invoke(ClientImpl.java:377)
	at org.apache.cxf.endpoint.ClientImpl.invoke(ClientImpl.java:330)
	at org.apache.cxf.endpoint.ClientImpl.invokeWrapped(ClientImpl.java:365)
	at org.apache.cxf.jaxws.DispatchImpl.invoke(DispatchImpl.java:381)
	... 35 more
18:18:13 WARN - [Thread-4       ] AuditTrailLogger     - javax.xml.ws.soap.SOAPFaultException: Part {http://ws.debasis.org/}parameters should be of type org.debasis.ws.jaxws.GetVersionResponse, not java.lang.String (User: workflow-debugger (Realm: workflow-debugger) (workflow-debugger, workflow-debugger))
18:18:13 WARN - [Thread-5       ] AuditTrailLogger     - javax.xml.ws.soap.SOAPFaultException: Part {http://ws.debasis.org/}parameters should be of type org.debasis.ws.jaxws.GetVersionResponse, not java.lang.String (User: workflow-debugger (Realm: workflow-debugger) (workflow-debugger, workflow-debugger))
18:18:13 INFO - [Thread-4       ] ProcessInstanceBean  - State change for Process instance = 11 (Process Definition: ProcessSemiAutoNoMain) (model oid = 1, version = 1, revision = 0): Active-->Interrupted.
18:18:13 INFO - [Thread-5       ] ProcessInstanceBean  - State change for Process instance = 11 (Process Definition: ProcessSemiAutoNoMain) (model oid = 1, version = 1, revision = 0): Active-->Interrupted.
18:18:13 INFO - [Thread-5       ] AuditTrailLogger     - Process instance interrupted. (User: workflow-debugger (Realm: workflow-debugger) (workflow-debugger, workflow-debugger))
18:18:13 INFO - [Thread-4       ] AuditTrailLogger     - Process instance interrupted. (User: workflow-debugger (Realm: workflow-debugger) (workflow-debugger, workflow-debugger))
18:18:13 INFO - [Thread-5       ] ActivityInstanceBean - State change for Activity instance 'SealPacketByMachine',  oid: 26 (process instance = 11) (model oid = 1, version = 1, revision = 0): Application-->Interrupted.
18:18:13 INFO - [Thread-4       ] ActivityInstanceBean - State change for Activity instance 'MaintainMachine',  oid: 27 (process instance = 11) (model oid = 1, version = 1, revision = 0): Application-->Interrupted.
18:18:13 WARN - [Thread-5       ] AuditTrailLogger     - Activity thread interrupted at 'Activity: Seal Packet By Machine', reason: javax.xml.ws.soap.SOAPFaultException: Part {http://ws.debasis.org/}parameters should be of type org.debasis.ws.jaxws.GetVersionResponse, not java.lang.String (User: workflow-debugger (Realm: workflow-debugger) (workflow-debugger, workflow-debugger))
18:18:13 WARN - [Thread-4       ] AuditTrailLogger     - Activity thread interrupted at 'Activity: Maintain Machine', reason: javax.xml.ws.soap.SOAPFaultException: Part {http://ws.debasis.org/}parameters should be of type org.debasis.ws.jaxws.GetVersionResponse, not java.lang.String (User: workflow-debugger (Realm: workflow-debugger) (workflow-debugger, workflow-debugger))
18:18:13 INFO - [Thread-5       ] Security             - Partition: workflow-debugger, Domain: workflow-debugger.
18:18:13 INFO - [Thread-4       ] Security             - Partition: workflow-debugger, Domain: workflow-debugger.
18:18:13 INFO - [Thread-5       ] DebugInterceptor     - <-- execute
18:18:13 INFO - [Thread-4       ] DebugInterceptor     - <-- execute
18:18:13 INFO - [Thread-4       ] ManagedRunner        - About to enter communication method in thread Thread[Thread-4,5,Infinity Activity Thread] for Activity instance 'MaintainMachine',  oid: 27 (process instance = 11) (model oid = 1, version = 1, revision = 0).
18:18:13 INFO - [Thread-5       ] ManagedRunner        - About to enter communication method in thread Thread[Thread-5,5,Infinity Activity Thread] for Activity instance 'SealPacketByMachine',  oid: 26 (process instance = 11) (model oid = 1, version = 1, revision = 0).
18:18:13 INFO - [Thread-4       ] DebugInterceptor     - --> login
18:18:13 INFO - [Thread-5       ] DebugInterceptor     - --> getInDataValues
18:18:13 INFO - [Thread-4       ] DebugInterceptor     - --> execute
18:18:13 INFO - [Thread-5       ] Security             - Partition: workflow-debugger, Domain: workflow-debugger.
18:18:13 INFO - [Thread-5       ] DebugInterceptor     - <-- getInDataValues
18:18:13 INFO - [Thread-5       ] DebugInterceptor     - --> remove
18:18:13 INFO - [Thread-9       ] Parameters           - CARNOT version: 3.0.1.20150916-0729
18:18:13 INFO - [Thread-5       ] Security             - Partition: workflow-debugger, Domain: workflow-debugger.
18:18:13 INFO - [Thread-5       ] DebugInterceptor     - <-- remove
18:18:13 INFO - [Thread-4       ] Security             - Partition: workflow-debugger, Domain: workflow-debugger.
18:18:13 INFO - [Thread-4       ] DebugInterceptor     - <-- execute
18:18:13 INFO - [Thread-9       ] DebugInterceptor     - --> execute
18:18:13 INFO - [Thread-8       ] Parameters           - CARNOT version: 3.0.1.20150916-0729
18:18:13 INFO - [Thread-8       ] DebugInterceptor     - --> execute
18:18:13 INFO - [Thread-4       ] AuditTrailLogger     - Logged in. (User: workflow-debugger (Realm: workflow-debugger) (workflow-debugger, workflow-debugger))
18:18:13 INFO - [Thread-8       ] Security             - Partition: workflow-debugger, Domain: workflow-debugger.
18:18:13 INFO - [Thread-4       ] Security             - Partition: workflow-debugger, Domain: workflow-debugger.
18:18:13 INFO - [Thread-8       ] DebugInterceptor     - <-- execute
18:18:13 INFO - [Thread-4       ] DebugInterceptor     - <-- login
18:18:13 INFO - [Thread-4       ] DebugInterceptor     - --> getInDataValues
18:18:13 INFO - [Thread-9       ] Security             - Partition: workflow-debugger, Domain: workflow-debugger.
18:18:13 INFO - [Thread-9       ] DebugInterceptor     - <-- execute
18:18:13 INFO - [Thread-9       ] ManagedRunner        - Termination of Java thread Thread[Thread-9,5,Infinity Helper Thread].
18:18:13 INFO - [Thread-8       ] ManagedRunner        - Termination of Java thread Thread[Thread-8,5,Infinity Helper Thread].
18:18:13 INFO - [Thread-4       ] Security             - Partition: workflow-debugger, Domain: workflow-debugger.
18:18:13 INFO - [Thread-4       ] DebugInterceptor     - <-- getInDataValues
18:18:13 INFO - [Thread-4       ] DebugInterceptor     - --> remove
18:18:13 INFO - [Thread-4       ] Security             - Partition: workflow-debugger, Domain: workflow-debugger.
18:18:13 INFO - [Thread-4       ] DebugInterceptor     - <-- remove
18:18:16 INFO - [Thread-4       ] DebugInterceptor     - --> login
18:18:16 INFO - [Thread-4       ] DebugInterceptor     - --> execute
18:18:16 INFO - [Thread-4       ] Security             - Partition: workflow-debugger, Domain: workflow-debugger.
18:18:16 INFO - [Thread-4       ] DebugInterceptor     - <-- execute
18:18:16 INFO - [Thread-4       ] AuditTrailLogger     - Logged in. (User: workflow-debugger (Realm: workflow-debugger) (workflow-debugger, workflow-debugger))
18:18:16 INFO - [Thread-4       ] Security             - Partition: workflow-debugger, Domain: workflow-debugger.
18:18:16 INFO - [Thread-4       ] DebugInterceptor     - <-- login
18:18:16 INFO - [Thread-10      ] Parameters           - CARNOT version: 3.0.1.20150916-0729
18:18:16 INFO - [Thread-10      ] DebugInterceptor     - --> execute
18:18:16 INFO - [Thread-10      ] Security             - Partition: workflow-debugger, Domain: workflow-debugger.
18:18:16 INFO - [Thread-10      ] DebugInterceptor     - <-- execute
18:18:16 INFO - [Thread-10      ] ManagedRunner        - Termination of Java thread Thread[Thread-10,5,Infinity Helper Thread].
18:18:16 WARN - [Thread-4       ] ApplicationException - Failed computing details object: null
java.lang.NullPointerException
	at org.eclipse.stardust.engine.core.runtime.beans.DetailsFactory.create(DetailsFactory.java:552)
	at org.eclipse.stardust.engine.api.dto.ActivityInstanceDetails.<init>(ActivityInstanceDetails.java:279)
	at org.eclipse.stardust.modeling.debug.engine.ManagedRunner.communicateWithSuspendedActivityInstance(ManagedRunner.java:186)
	at org.eclipse.stardust.modeling.debug.engine.ManagedRunner.run(ManagedRunner.java:136)
	at java.lang.Thread.run(Unknown Source)
18:18:16 INFO - [Thread-4       ] DebugInterceptor     - --> remove
18:18:16 INFO - [Thread-4       ] Security             - Partition: workflow-debugger, Domain: workflow-debugger.
18:18:16 INFO - [Thread-4       ] DebugInterceptor     - <-- remove
18:18:16 WARN - [Thread-4       ] ManagedRunner        - There has been a problem with the debugging. Please make sure your process model is saved and restart the debugger.
org.eclipse.stardust.common.error.InternalException: Failed computing details object: null: java.lang.NullPointerException
	at org.eclipse.stardust.engine.core.runtime.beans.DetailsFactory.create(DetailsFactory.java:556)
	at org.eclipse.stardust.engine.api.dto.ActivityInstanceDetails.<init>(ActivityInstanceDetails.java:279)
	at org.eclipse.stardust.modeling.debug.engine.ManagedRunner.communicateWithSuspendedActivityInstance(ManagedRunner.java:186)
	at org.eclipse.stardust.modeling.debug.engine.ManagedRunner.run(ManagedRunner.java:136)
	at java.lang.Thread.run(Unknown Source)
Caused by: java.lang.NullPointerException
	at org.eclipse.stardust.engine.core.runtime.beans.DetailsFactory.create(DetailsFactory.java:552)
	... 4 more
18:18:16 INFO - [Thread-4       ] ManagedRunner        - Termination of Java thread Thread[Thread-4,5,Infinity Activity Thread].
18:18:20 INFO - [Thread-5       ] DebugInterceptor     - --> login
18:18:20 INFO - [Thread-5       ] DebugInterceptor     - --> execute
18:18:20 INFO - [Thread-5       ] Security             - Partition: workflow-debugger, Domain: workflow-debugger.
18:18:20 INFO - [Thread-5       ] DebugInterceptor     - <-- execute
18:18:20 INFO - [Thread-5       ] AuditTrailLogger     - Logged in. (User: workflow-debugger (Realm: workflow-debugger) (workflow-debugger, workflow-debugger))
18:18:20 INFO - [Thread-5       ] Security             - Partition: workflow-debugger, Domain: workflow-debugger.
18:18:20 INFO - [Thread-5       ] DebugInterceptor     - <-- login
18:18:20 WARN - [Thread-5       ] ApplicationException - Failed computing details object: null
java.lang.NullPointerException
	at org.eclipse.stardust.engine.core.runtime.beans.DetailsFactory.create(DetailsFactory.java:552)
	at org.eclipse.stardust.engine.api.dto.ActivityInstanceDetails.<init>(ActivityInstanceDetails.java:279)
	at org.eclipse.stardust.modeling.debug.engine.ManagedRunner.communicateWithSuspendedActivityInstance(ManagedRunner.java:186)
	at org.eclipse.stardust.modeling.debug.engine.ManagedRunner.run(ManagedRunner.java:136)
	at java.lang.Thread.run(Unknown Source)
18:18:20 INFO - [Thread-5       ] DebugInterceptor     - --> remove
18:18:20 INFO - [Thread-5       ] Security             - Partition: workflow-debugger, Domain: workflow-debugger.
18:18:20 INFO - [Thread-5       ] DebugInterceptor     - <-- remove
18:18:20 WARN - [Thread-5       ] ManagedRunner        - There has been a problem with the debugging. Please make sure your process model is saved and restart the debugger.
org.eclipse.stardust.common.error.InternalException: Failed computing details object: null: java.lang.NullPointerException
	at org.eclipse.stardust.engine.core.runtime.beans.DetailsFactory.create(DetailsFactory.java:556)
	at org.eclipse.stardust.engine.api.dto.ActivityInstanceDetails.<init>(ActivityInstanceDetails.java:279)
	at org.eclipse.stardust.modeling.debug.engine.ManagedRunner.communicateWithSuspendedActivityInstance(ManagedRunner.java:186)
	at org.eclipse.stardust.modeling.debug.engine.ManagedRunner.run(ManagedRunner.java:136)
	at java.lang.Thread.run(Unknown Source)
Caused by: java.lang.NullPointerException
	at org.eclipse.stardust.engine.core.runtime.beans.DetailsFactory.create(DetailsFactory.java:552)
	... 4 more
18:18:20 INFO - [Thread-5       ] ManagedRunner        - Termination of Java thread Thread[Thread-5,5,Infinity Activity Thread].
